2013/10/29 07:52:15 [error] [exception.CDbException] exception 'CDbException' with message 'CDbConnection failed to open the DB connection: SQLSTATE[HY000] [1049] Unknown database 'csproj2_resuello_nikkie_marie_ourspace'' in C:\xampp\htdocs\yii\framework\db\CDbConnection.php:381
Stack trace:
#0 C:\xampp\htdocs\yii\framework\db\CDbConnection.php(330): CDbConnection->open()
#1 C:\xampp\htdocs\yii\framework\db\CDbConnection.php(308): CDbConnection->setActive(true)
#2 C:\xampp\htdocs\yii\framework\base\CModule.php(387): CDbConnection->init()
#3 C:\xampp\htdocs\yii\framework\base\CModule.php(103): CModule->getComponent('db')
#4 C:\xampp\htdocs\yii\framework\gii\generators\model\ModelCode.php(57): CModule->__get('db')
#5 C:\xampp\htdocs\yii\framework\web\CFormModel.php(39): ModelCode->init()
#6 C:\xampp\htdocs\yii\framework\gii\CCodeGenerator.php(153): CFormModel->__construct()
#7 C:\xampp\htdocs\yii\framework\gii\CCodeGenerator.php(63): CCodeGenerator->prepare()
#8 C:\xampp\htdocs\yii\framework\web\actions\CInlineAction.php(49): CCodeGenerator->actionIndex()
#9 C:\xampp\htdocs\yii\framework\web\CController.php(308): CInlineAction->runWithParams(Array)
#10 C:\xampp\htdocs\yii\framework\web\CController.php(286): CController->runAction(Object(CInlineAction))
#11 C:\xampp\htdocs\yii\framework\web\CController.php(265): CController->runActionWithFilters(Object(CInlineAction), Array)
#12 C:\xampp\htdocs\yii\framework\web\CWebApplication.php(282): CController->run('')
#13 C:\xampp\htdocs\yii\framework\web\CWebApplication.php(141): CWebApplication->runController('gii/model')
#14 C:\xampp\htdocs\yii\framework\base\CApplication.php(169): CWebApplication->processRequest()
#15 C:\Users\student\Documents\csproj2_IT113_114_115\git_midterm_test\apc-forestall-amrts\documentation\cambay_marion_chloe_midterms\ourspace\index.php(13): CApplication->run()
#16 {main}
REQUEST_URI=/cambay_marion_chloe_midterms/ourspace/index.php/gii/model
HTTP_REFERER=http://localhost/cambay_marion_chloe_midterms/ourspace/index.php/gii/default/index
---
2013/10/29 07:53:58 [error] [exception.CDbException] exception 'CDbException' with message 'CDbConnection failed to open the DB connection: SQLSTATE[HY000] [1049] Unknown database 'csproj2_it113_114_115_cambay_marion_chloe_midterms'' in C:\xampp\htdocs\yii\framework\db\CDbConnection.php:381
Stack trace:
#0 C:\xampp\htdocs\yii\framework\db\CDbConnection.php(330): CDbConnection->open()
#1 C:\xampp\htdocs\yii\framework\db\CDbConnection.php(308): CDbConnection->setActive(true)
#2 C:\xampp\htdocs\yii\framework\base\CModule.php(387): CDbConnection->init()
#3 C:\xampp\htdocs\yii\framework\base\CModule.php(103): CModule->getComponent('db')
#4 C:\xampp\htdocs\yii\framework\gii\generators\model\ModelCode.php(57): CModule->__get('db')
#5 C:\xampp\htdocs\yii\framework\web\CFormModel.php(39): ModelCode->init()
#6 C:\xampp\htdocs\yii\framework\gii\CCodeGenerator.php(153): CFormModel->__construct()
#7 C:\xampp\htdocs\yii\framework\gii\CCodeGenerator.php(63): CCodeGenerator->prepare()
#8 C:\xampp\htdocs\yii\framework\web\actions\CInlineAction.php(49): CCodeGenerator->actionIndex()
#9 C:\xampp\htdocs\yii\framework\web\CController.php(308): CInlineAction->runWithParams(Array)
#10 C:\xampp\htdocs\yii\framework\web\CController.php(286): CController->runAction(Object(CInlineAction))
#11 C:\xampp\htdocs\yii\framework\web\CController.php(265): CController->runActionWithFilters(Object(CInlineAction), Array)
#12 C:\xampp\htdocs\yii\framework\web\CWebApplication.php(282): CController->run('')
#13 C:\xampp\htdocs\yii\framework\web\CWebApplication.php(141): CWebApplication->runController('gii/model')
#14 C:\xampp\htdocs\yii\framework\base\CApplication.php(169): CWebApplication->processRequest()
#15 C:\Users\student\Documents\csproj2_IT113_114_115\git_midterm_test\apc-forestall-amrts\documentation\cambay_marion_chloe_midterms\ourspace\index.php(13): CApplication->run()
#16 {main}
REQUEST_URI=/cambay_marion_chloe_midterms/ourspace/index.php/gii/model
---
2013/10/29 07:54:20 [error] [exception.CDbException] exception 'CDbException' with message 'CDbConnection failed to open the DB connection: SQLSTATE[HY000] [1049] Unknown database 'csproj2_cambay_marion_chloe_midterms'' in C:\xampp\htdocs\yii\framework\db\CDbConnection.php:381
Stack trace:
#0 C:\xampp\htdocs\yii\framework\db\CDbConnection.php(330): CDbConnection->open()
#1 C:\xampp\htdocs\yii\framework\db\CDbConnection.php(308): CDbConnection->setActive(true)
#2 C:\xampp\htdocs\yii\framework\base\CModule.php(387): CDbConnection->init()
#3 C:\xampp\htdocs\yii\framework\base\CModule.php(103): CModule->getComponent('db')
#4 C:\xampp\htdocs\yii\framework\gii\generators\model\ModelCode.php(57): CModule->__get('db')
#5 C:\xampp\htdocs\yii\framework\web\CFormModel.php(39): ModelCode->init()
#6 C:\xampp\htdocs\yii\framework\gii\CCodeGenerator.php(153): CFormModel->__construct()
#7 C:\xampp\htdocs\yii\framework\gii\CCodeGenerator.php(63): CCodeGenerator->prepare()
#8 C:\xampp\htdocs\yii\framework\web\actions\CInlineAction.php(49): CCodeGenerator->actionIndex()
#9 C:\xampp\htdocs\yii\framework\web\CController.php(308): CInlineAction->runWithParams(Array)
#10 C:\xampp\htdocs\yii\framework\web\CController.php(286): CController->runAction(Object(CInlineAction))
#11 C:\xampp\htdocs\yii\framework\web\CController.php(265): CController->runActionWithFilters(Object(CInlineAction), Array)
#12 C:\xampp\htdocs\yii\framework\web\CWebApplication.php(282): CController->run('')
#13 C:\xampp\htdocs\yii\framework\web\CWebApplication.php(141): CWebApplication->runController('gii/model')
#14 C:\xampp\htdocs\yii\framework\base\CApplication.php(169): CWebApplication->processRequest()
#15 C:\Users\student\Documents\csproj2_IT113_114_115\git_midterm_test\apc-forestall-amrts\documentation\cambay_marion_chloe_midterms\ourspace\index.php(13): CApplication->run()
#16 {main}
REQUEST_URI=/cambay_marion_chloe_midterms/ourspace/index.php/gii/model
---
2013/10/29 07:54:23 [error] [exception.CDbException] exception 'CDbException' with message 'CDbConnection failed to open the DB connection: SQLSTATE[HY000] [1049] Unknown database 'csproj2_cambay_marion_chloe_midterms'' in C:\xampp\htdocs\yii\framework\db\CDbConnection.php:381
Stack trace:
#0 C:\xampp\htdocs\yii\framework\db\CDbConnection.php(330): CDbConnection->open()
#1 C:\xampp\htdocs\yii\framework\db\CDbConnection.php(308): CDbConnection->setActive(true)
#2 C:\xampp\htdocs\yii\framework\base\CModule.php(387): CDbConnection->init()
#3 C:\xampp\htdocs\yii\framework\base\CModule.php(103): CModule->getComponent('db')
#4 C:\xampp\htdocs\yii\framework\gii\generators\model\ModelCode.php(57): CModule->__get('db')
#5 C:\xampp\htdocs\yii\framework\web\CFormModel.php(39): ModelCode->init()
#6 C:\xampp\htdocs\yii\framework\gii\CCodeGenerator.php(153): CFormModel->__construct()
#7 C:\xampp\htdocs\yii\framework\gii\CCodeGenerator.php(63): CCodeGenerator->prepare()
#8 C:\xampp\htdocs\yii\framework\web\actions\CInlineAction.php(49): CCodeGenerator->actionIndex()
#9 C:\xampp\htdocs\yii\framework\web\CController.php(308): CInlineAction->runWithParams(Array)
#10 C:\xampp\htdocs\yii\framework\web\CController.php(286): CController->runAction(Object(CInlineAction))
#11 C:\xampp\htdocs\yii\framework\web\CController.php(265): CController->runActionWithFilters(Object(CInlineAction), Array)
#12 C:\xampp\htdocs\yii\framework\web\CWebApplication.php(282): CController->run('')
#13 C:\xampp\htdocs\yii\framework\web\CWebApplication.php(141): CWebApplication->runController('gii/model')
#14 C:\xampp\htdocs\yii\framework\base\CApplication.php(169): CWebApplication->processRequest()
#15 C:\Users\student\Documents\csproj2_IT113_114_115\git_midterm_test\apc-forestall-amrts\documentation\cambay_marion_chloe_midterms\ourspace\index.php(13): CApplication->run()
#16 {main}
REQUEST_URI=/cambay_marion_chloe_midterms/ourspace/index.php/gii/model
---
2013/10/29 08:26:26 [error] [exception.CHttpException.404] exception 'CHttpException' with message 'The requested view "mycomment" was not found.' in C:\xampp\htdocs\yii\framework\web\actions\CViewAction.php:112
Stack trace:
#0 C:\xampp\htdocs\yii\framework\web\actions\CViewAction.php(123): CViewAction->resolveView('mycomment')
#1 C:\xampp\htdocs\yii\framework\web\actions\CAction.php(76): CViewAction->run()
#2 C:\xampp\htdocs\yii\framework\web\CController.php(308): CAction->runWithParams(Array)
#3 C:\xampp\htdocs\yii\framework\web\CController.php(286): CController->runAction(Object(CViewAction))
#4 C:\xampp\htdocs\yii\framework\web\CController.php(265): CController->runActionWithFilters(Object(CViewAction), Array)
#5 C:\xampp\htdocs\yii\framework\web\CWebApplication.php(282): CController->run('page')
#6 C:\xampp\htdocs\yii\framework\web\CWebApplication.php(141): CWebApplication->runController('site/page')
#7 C:\xampp\htdocs\yii\framework\base\CApplication.php(169): CWebApplication->processRequest()
#8 C:\Users\student\Documents\csproj2_IT113_114_115\git_midterm_test\apc-forestall-amrts\documentation\cambay_marion_chloe_midterms\ourspace\index.php(13): CApplication->run()
#9 {main}
REQUEST_URI=/cambay_marion_chloe_midterms/ourspace/index.php/site/page?view=mycomment
---
2013/10/29 08:26:42 [error] [exception.CHttpException.404] exception 'CHttpException' with message 'The requested view "gii" was not found.' in C:\xampp\htdocs\yii\framework\web\actions\CViewAction.php:112
Stack trace:
#0 C:\xampp\htdocs\yii\framework\web\actions\CViewAction.php(123): CViewAction->resolveView('gii')
#1 C:\xampp\htdocs\yii\framework\web\actions\CAction.php(76): CViewAction->run()
#2 C:\xampp\htdocs\yii\framework\web\CController.php(308): CAction->runWithParams(Array)
#3 C:\xampp\htdocs\yii\framework\web\CController.php(286): CController->runAction(Object(CViewAction))
#4 C:\xampp\htdocs\yii\framework\web\CController.php(265): CController->runActionWithFilters(Object(CViewAction), Array)
#5 C:\xampp\htdocs\yii\framework\web\CWebApplication.php(282): CController->run('page')
#6 C:\xampp\htdocs\yii\framework\web\CWebApplication.php(141): CWebApplication->runController('site/page')
#7 C:\xampp\htdocs\yii\framework\base\CApplication.php(169): CWebApplication->processRequest()
#8 C:\Users\student\Documents\csproj2_IT113_114_115\git_midterm_test\apc-forestall-amrts\documentation\cambay_marion_chloe_midterms\ourspace\index.php(13): CApplication->run()
#9 {main}
REQUEST_URI=/cambay_marion_chloe_midterms/ourspace/index.php/site/page?view=gii
---
2013/10/29 08:28:01 [error] [system.db.CDbCommand] CDbCommand::execute() failed: SQLSTATE[23000]: Integrity constraint violation: 1452 Cannot add or update a child row: a foreign key constraint fails (`csproj2_cambay_marion_chloe_ourspace`.`mycomment`, CONSTRAINT `mycomment_ibfk_1` FOREIGN KEY (`id`) REFERENCES `myaddress` (`id`)). The SQL statement executed was: INSERT INTO `mycomment` (`myaddress_id`, `author`, `body`, `created_at`) VALUES (:yp0, :yp1, :yp2, :yp3).
in C:\Users\student\Documents\csproj2_IT113_114_115\git_midterm_test\apc-forestall-amrts\documentation\cambay_marion_chloe_midterms\ourspace\protected\controllers\MycommentController.php (73)
in C:\Users\student\Documents\csproj2_IT113_114_115\git_midterm_test\apc-forestall-amrts\documentation\cambay_marion_chloe_midterms\ourspace\index.php (13)
2013/10/29 08:28:01 [error] [exception.CDbException] exception 'CDbException' with message 'CDbCommand failed to execute the SQL statement: SQLSTATE[23000]: Integrity constraint violation: 1452 Cannot add or update a child row: a foreign key constraint fails (`csproj2_cambay_marion_chloe_ourspace`.`mycomment`, CONSTRAINT `mycomment_ibfk_1` FOREIGN KEY (`id`) REFERENCES `myaddress` (`id`)). The SQL statement executed was: INSERT INTO `mycomment` (`myaddress_id`, `author`, `body`, `created_at`) VALUES (:yp0, :yp1, :yp2, :yp3)' in C:\xampp\htdocs\yii\framework\db\CDbCommand.php:357
Stack trace:
#0 C:\xampp\htdocs\yii\framework\db\ar\CActiveRecord.php(1023): CDbCommand->execute()
#1 C:\xampp\htdocs\yii\framework\db\ar\CActiveRecord.php(795): CActiveRecord->insert(NULL)
#2 C:\Users\student\Documents\csproj2_IT113_114_115\git_midterm_test\apc-forestall-amrts\documentation\cambay_marion_chloe_midterms\ourspace\protected\controllers\MycommentController.php(73): CActiveRecord->save()
#3 C:\xampp\htdocs\yii\framework\web\actions\CInlineAction.php(49): MycommentController->actionCreate()
#4 C:\xampp\htdocs\yii\framework\web\CController.php(308): CInlineAction->runWithParams(Array)
#5 C:\xampp\htdocs\yii\framework\web\filters\CFilterChain.php(133): CController->runAction(Object(CInlineAction))
#6 C:\xampp\htdocs\yii\framework\web\filters\CFilter.php(40): CFilterChain->run()
#7 C:\xampp\htdocs\yii\framework\web\CController.php(1145): CFilter->filter(Object(CFilterChain))
#8 C:\xampp\htdocs\yii\framework\web\filters\CInlineFilter.php(58): CController->filterAccessControl(Object(CFilterChain))
#9 C:\xampp\htdocs\yii\framework\web\filters\CFilterChain.php(130): CInlineFilter->filter(Object(CFilterChain))
#10 C:\xampp\htdocs\yii\framework\web\CController.php(291): CFilterChain->run()
#11 C:\xampp\htdocs\yii\framework\web\CController.php(265): CController->runActionWithFilters(Object(CInlineAction), Array)
#12 C:\xampp\htdocs\yii\framework\web\CWebApplication.php(282): CController->run('create')
#13 C:\xampp\htdocs\yii\framework\web\CWebApplication.php(141): CWebApplication->runController('mycomment/creat...')
#14 C:\xampp\htdocs\yii\framework\base\CApplication.php(169): CWebApplication->processRequest()
#15 C:\Users\student\Documents\csproj2_IT113_114_115\git_midterm_test\apc-forestall-amrts\documentation\cambay_marion_chloe_midterms\ourspace\index.php(13): CApplication->run()
#16 {main}
REQUEST_URI=/cambay_marion_chloe_midterms/ourspace/index.php/mycomment/create
HTTP_REFERER=http://localhost/cambay_marion_chloe_midterms/ourspace/index.php/mycomment/create
---
2013/10/29 08:31:16 [error] [system.db.CDbCommand] CDbCommand::execute() failed: SQLSTATE[23000]: Integrity constraint violation: 1452 Cannot add or update a child row: a foreign key constraint fails (`csproj2_cambay_marion_chloe_ourspace`.`mycomment`, CONSTRAINT `mycomment_ibfk_1` FOREIGN KEY (`id`) REFERENCES `myaddress` (`id`)). The SQL statement executed was: INSERT INTO `mycomment` (`myaddress_id`, `author`, `body`, `created_at`) VALUES (:yp0, :yp1, :yp2, :yp3).
in C:\Users\student\Documents\csproj2_IT113_114_115\git_midterm_test\apc-forestall-amrts\documentation\cambay_marion_chloe_midterms\ourspace\protected\controllers\MycommentController.php (73)
in C:\Users\student\Documents\csproj2_IT113_114_115\git_midterm_test\apc-forestall-amrts\documentation\cambay_marion_chloe_midterms\ourspace\index.php (13)
2013/10/29 08:31:16 [error] [exception.CDbException] exception 'CDbException' with message 'CDbCommand failed to execute the SQL statement: SQLSTATE[23000]: Integrity constraint violation: 1452 Cannot add or update a child row: a foreign key constraint fails (`csproj2_cambay_marion_chloe_ourspace`.`mycomment`, CONSTRAINT `mycomment_ibfk_1` FOREIGN KEY (`id`) REFERENCES `myaddress` (`id`)). The SQL statement executed was: INSERT INTO `mycomment` (`myaddress_id`, `author`, `body`, `created_at`) VALUES (:yp0, :yp1, :yp2, :yp3)' in C:\xampp\htdocs\yii\framework\db\CDbCommand.php:357
Stack trace:
#0 C:\xampp\htdocs\yii\framework\db\ar\CActiveRecord.php(1023): CDbCommand->execute()
#1 C:\xampp\htdocs\yii\framework\db\ar\CActiveRecord.php(795): CActiveRecord->insert(NULL)
#2 C:\Users\student\Documents\csproj2_IT113_114_115\git_midterm_test\apc-forestall-amrts\documentation\cambay_marion_chloe_midterms\ourspace\protected\controllers\MycommentController.php(73): CActiveRecord->save()
#3 C:\xampp\htdocs\yii\framework\web\actions\CInlineAction.php(49): MycommentController->actionCreate()
#4 C:\xampp\htdocs\yii\framework\web\CController.php(308): CInlineAction->runWithParams(Array)
#5 C:\xampp\htdocs\yii\framework\web\filters\CFilterChain.php(133): CController->runAction(Object(CInlineAction))
#6 C:\xampp\htdocs\yii\framework\web\filters\CFilter.php(40): CFilterChain->run()
#7 C:\xampp\htdocs\yii\framework\web\CController.php(1145): CFilter->filter(Object(CFilterChain))
#8 C:\xampp\htdocs\yii\framework\web\filters\CInlineFilter.php(58): CController->filterAccessControl(Object(CFilterChain))
#9 C:\xampp\htdocs\yii\framework\web\filters\CFilterChain.php(130): CInlineFilter->filter(Object(CFilterChain))
#10 C:\xampp\htdocs\yii\framework\web\CController.php(291): CFilterChain->run()
#11 C:\xampp\htdocs\yii\framework\web\CController.php(265): CController->runActionWithFilters(Object(CInlineAction), Array)
#12 C:\xampp\htdocs\yii\framework\web\CWebApplication.php(282): CController->run('create')
#13 C:\xampp\htdocs\yii\framework\web\CWebApplication.php(141): CWebApplication->runController('mycomment/creat...')
#14 C:\xampp\htdocs\yii\framework\base\CApplication.php(169): CWebApplication->processRequest()
#15 C:\Users\student\Documents\csproj2_IT113_114_115\git_midterm_test\apc-forestall-amrts\documentation\cambay_marion_chloe_midterms\ourspace\index.php(13): CApplication->run()
#16 {main}
REQUEST_URI=/cambay_marion_chloe_midterms/ourspace/index.php/mycomment/create
HTTP_REFERER=http://localhost/cambay_marion_chloe_midterms/ourspace/index.php/mycomment/create
---
2013/10/29 08:31:43 [error] [system.db.CDbCommand] CDbCommand::execute() failed: SQLSTATE[23000]: Integrity constraint violation: 1452 Cannot add or update a child row: a foreign key constraint fails (`csproj2_cambay_marion_chloe_ourspace`.`mycomment`, CONSTRAINT `mycomment_ibfk_1` FOREIGN KEY (`id`) REFERENCES `myaddress` (`id`)). The SQL statement executed was: INSERT INTO `mycomment` (`myaddress_id`, `author`, `body`, `created_at`) VALUES (:yp0, :yp1, :yp2, :yp3).
in C:\Users\student\Documents\csproj2_IT113_114_115\git_midterm_test\apc-forestall-amrts\documentation\cambay_marion_chloe_midterms\ourspace\protected\controllers\MycommentController.php (73)
in C:\Users\student\Documents\csproj2_IT113_114_115\git_midterm_test\apc-forestall-amrts\documentation\cambay_marion_chloe_midterms\ourspace\index.php (13)
2013/10/29 08:31:43 [error] [exception.CDbException] exception 'CDbException' with message 'CDbCommand failed to execute the SQL statement: SQLSTATE[23000]: Integrity constraint violation: 1452 Cannot add or update a child row: a foreign key constraint fails (`csproj2_cambay_marion_chloe_ourspace`.`mycomment`, CONSTRAINT `mycomment_ibfk_1` FOREIGN KEY (`id`) REFERENCES `myaddress` (`id`)). The SQL statement executed was: INSERT INTO `mycomment` (`myaddress_id`, `author`, `body`, `created_at`) VALUES (:yp0, :yp1, :yp2, :yp3)' in C:\xampp\htdocs\yii\framework\db\CDbCommand.php:357
Stack trace:
#0 C:\xampp\htdocs\yii\framework\db\ar\CActiveRecord.php(1023): CDbCommand->execute()
#1 C:\xampp\htdocs\yii\framework\db\ar\CActiveRecord.php(795): CActiveRecord->insert(NULL)
#2 C:\Users\student\Documents\csproj2_IT113_114_115\git_midterm_test\apc-forestall-amrts\documentation\cambay_marion_chloe_midterms\ourspace\protected\controllers\MycommentController.php(73): CActiveRecord->save()
#3 C:\xampp\htdocs\yii\framework\web\actions\CInlineAction.php(49): MycommentController->actionCreate()
#4 C:\xampp\htdocs\yii\framework\web\CController.php(308): CInlineAction->runWithParams(Array)
#5 C:\xampp\htdocs\yii\framework\web\filters\CFilterChain.php(133): CController->runAction(Object(CInlineAction))
#6 C:\xampp\htdocs\yii\framework\web\filters\CFilter.php(40): CFilterChain->run()
#7 C:\xampp\htdocs\yii\framework\web\CController.php(1145): CFilter->filter(Object(CFilterChain))
#8 C:\xampp\htdocs\yii\framework\web\filters\CInlineFilter.php(58): CController->filterAccessControl(Object(CFilterChain))
#9 C:\xampp\htdocs\yii\framework\web\filters\CFilterChain.php(130): CInlineFilter->filter(Object(CFilterChain))
#10 C:\xampp\htdocs\yii\framework\web\CController.php(291): CFilterChain->run()
#11 C:\xampp\htdocs\yii\framework\web\CController.php(265): CController->runActionWithFilters(Object(CInlineAction), Array)
#12 C:\xampp\htdocs\yii\framework\web\CWebApplication.php(282): CController->run('create')
#13 C:\xampp\htdocs\yii\framework\web\CWebApplication.php(141): CWebApplication->runController('mycomment/creat...')
#14 C:\xampp\htdocs\yii\framework\base\CApplication.php(169): CWebApplication->processRequest()
#15 C:\Users\student\Documents\csproj2_IT113_114_115\git_midterm_test\apc-forestall-amrts\documentation\cambay_marion_chloe_midterms\ourspace\index.php(13): CApplication->run()
#16 {main}
REQUEST_URI=/cambay_marion_chloe_midterms/ourspace/index.php/mycomment/create
HTTP_REFERER=http://localhost/cambay_marion_chloe_midterms/ourspace/index.php/mycomment/create
---
