2013/08/27 13:50:03 [error] [exception.CDbException] exception 'CDbException' with message 'CDbConnection failed to open the DB connection: SQLSTATE[HY000] [1049] Unknown database 'testdrive'' in C:\xampp\htdocs\yii\framework\db\CDbConnection.php:381
Stack trace:
#0 C:\xampp\htdocs\yii\framework\db\CDbConnection.php(330): CDbConnection->open()
#1 C:\xampp\htdocs\yii\framework\db\CDbConnection.php(308): CDbConnection->setActive(true)
#2 C:\xampp\htdocs\yii\framework\base\CModule.php(387): CDbConnection->init()
#3 C:\xampp\htdocs\yii\framework\base\CModule.php(103): CModule->getComponent('db')
#4 C:\xampp\htdocs\yii\framework\gii\generators\model\ModelCode.php(57): CModule->__get('db')
#5 C:\xampp\htdocs\yii\framework\web\CFormModel.php(39): ModelCode->init()
#6 C:\xampp\htdocs\yii\framework\gii\CCodeGenerator.php(153): CFormModel->__construct()
#7 C:\xampp\htdocs\yii\framework\gii\CCodeGenerator.php(63): CCodeGenerator->prepare()
#8 C:\xampp\htdocs\yii\framework\web\actions\CInlineAction.php(49): CCodeGenerator->actionIndex()
#9 C:\xampp\htdocs\yii\framework\web\CController.php(308): CInlineAction->runWithParams(Array)
#10 C:\xampp\htdocs\yii\framework\web\CController.php(286): CController->runAction(Object(CInlineAction))
#11 C:\xampp\htdocs\yii\framework\web\CController.php(265): CController->runActionWithFilters(Object(CInlineAction), Array)
#12 C:\xampp\htdocs\yii\framework\web\CWebApplication.php(282): CController->run('')
#13 C:\xampp\htdocs\yii\framework\web\CWebApplication.php(141): CWebApplication->runController('gii/model')
#14 C:\xampp\htdocs\yii\framework\base\CApplication.php(169): CWebApplication->processRequest()
#15 C:\xampp\htdocs\jen\index.php(13): CApplication->run()
#16 {main}
REQUEST_URI=/jen/index.php?r=gii/model
HTTP_REFERER=http://localhost/jen/index.php?r=gii/form
---
2013/08/27 13:50:08 [error] [exception.CDbException] exception 'CDbException' with message 'CDbConnection failed to open the DB connection: SQLSTATE[HY000] [1049] Unknown database 'testdrive'' in C:\xampp\htdocs\yii\framework\db\CDbConnection.php:381
Stack trace:
#0 C:\xampp\htdocs\yii\framework\db\CDbConnection.php(330): CDbConnection->open()
#1 C:\xampp\htdocs\yii\framework\db\CDbConnection.php(308): CDbConnection->setActive(true)
#2 C:\xampp\htdocs\yii\framework\base\CModule.php(387): CDbConnection->init()
#3 C:\xampp\htdocs\yii\framework\base\CModule.php(103): CModule->getComponent('db')
#4 C:\xampp\htdocs\yii\framework\gii\generators\model\ModelCode.php(57): CModule->__get('db')
#5 C:\xampp\htdocs\yii\framework\web\CFormModel.php(39): ModelCode->init()
#6 C:\xampp\htdocs\yii\framework\gii\CCodeGenerator.php(153): CFormModel->__construct()
#7 C:\xampp\htdocs\yii\framework\gii\CCodeGenerator.php(63): CCodeGenerator->prepare()
#8 C:\xampp\htdocs\yii\framework\web\actions\CInlineAction.php(49): CCodeGenerator->actionIndex()
#9 C:\xampp\htdocs\yii\framework\web\CController.php(308): CInlineAction->runWithParams(Array)
#10 C:\xampp\htdocs\yii\framework\web\CController.php(286): CController->runAction(Object(CInlineAction))
#11 C:\xampp\htdocs\yii\framework\web\CController.php(265): CController->runActionWithFilters(Object(CInlineAction), Array)
#12 C:\xampp\htdocs\yii\framework\web\CWebApplication.php(282): CController->run('')
#13 C:\xampp\htdocs\yii\framework\web\CWebApplication.php(141): CWebApplication->runController('gii/model')
#14 C:\xampp\htdocs\yii\framework\base\CApplication.php(169): CWebApplication->processRequest()
#15 C:\xampp\htdocs\jen\index.php(13): CApplication->run()
#16 {main}
REQUEST_URI=/jen/index.php?r=gii/model
HTTP_REFERER=http://localhost/jen/index.php?r=gii/form
---
2013/08/27 13:59:03 [error] [php] include(Departments.php): failed to open stream: No such file or directory (C:\xampp\htdocs\yii\framework\YiiBase.php:421)
Stack trace:
#0 C:\xampp\htdocs\jen\protected\views\tblUser\_form.php(39): spl_autoload_call()
#1 C:\xampp\htdocs\yii\framework\web\CBaseController.php(126): require()
#2 C:\xampp\htdocs\yii\framework\web\CBaseController.php(95): TblUserController->renderInternal()
#3 C:\xampp\htdocs\yii\framework\web\CController.php(869): TblUserController->renderFile()
#4 C:\xampp\htdocs\jen\protected\views\tblUser\create.php(18): TblUserController->renderPartial()
#5 C:\xampp\htdocs\yii\framework\web\CBaseController.php(126): require()
#6 C:\xampp\htdocs\yii\framework\web\CBaseController.php(95): TblUserController->renderInternal()
#7 C:\xampp\htdocs\yii\framework\web\CController.php(869): TblUserController->renderFile()
#8 C:\xampp\htdocs\yii\framework\web\CController.php(782): TblUserController->renderPartial()
#9 C:\xampp\htdocs\jen\protected\controllers\TblUserController.php(79): TblUserController->render()
#10 C:\xampp\htdocs\yii\framework\web\actions\CInlineAction.php(49): TblUserController->actionCreate()
#11 C:\xampp\htdocs\yii\framework\web\CController.php(308): CInlineAction->runWithParams()
#12 C:\xampp\htdocs\yii\framework\web\filters\CFilterChain.php(133): TblUserController->runAction()
#13 C:\xampp\htdocs\yii\framework\web\filters\CFilter.php(40): CFilterChain->run()
#14 C:\xampp\htdocs\yii\framework\web\CController.php(1145): CAccessControlFilter->filter()
#15 C:\xampp\htdocs\yii\framework\web\filters\CInlineFilter.php(58): TblUserController->filterAccessControl()
#16 C:\xampp\htdocs\yii\framework\web\filters\CFilterChain.php(130): CInlineFilter->filter()
#17 C:\xampp\htdocs\yii\framework\web\CController.php(291): CFilterChain->run()
#18 C:\xampp\htdocs\yii\framework\web\CController.php(265): TblUserController->runActionWithFilters()
#19 C:\xampp\htdocs\yii\framework\web\CWebApplication.php(282): TblUserController->run()
#20 C:\xampp\htdocs\yii\framework\web\CWebApplication.php(141): CWebApplication->runController()
#21 C:\xampp\htdocs\yii\framework\base\CApplication.php(169): CWebApplication->processRequest()
#22 C:\xampp\htdocs\jen\index.php(13): CWebApplication->run()
REQUEST_URI=/jen/index.php?r=tblUser/create
in C:\xampp\htdocs\jen\protected\views\tblUser\_form.php (39)
in C:\xampp\htdocs\jen\protected\views\tblUser\create.php (18)
in C:\xampp\htdocs\jen\protected\controllers\TblUserController.php (79)
2013/08/27 13:59:47 [error] [php] include(Departments.php): failed to open stream: No such file or directory (C:\xampp\htdocs\yii\framework\YiiBase.php:421)
Stack trace:
#0 C:\xampp\htdocs\jen\protected\views\tblUser\_form.php(39): spl_autoload_call()
#1 C:\xampp\htdocs\yii\framework\web\CBaseController.php(126): require()
#2 C:\xampp\htdocs\yii\framework\web\CBaseController.php(95): TblUserController->renderInternal()
#3 C:\xampp\htdocs\yii\framework\web\CController.php(869): TblUserController->renderFile()
#4 C:\xampp\htdocs\jen\protected\views\tblUser\create.php(18): TblUserController->renderPartial()
#5 C:\xampp\htdocs\yii\framework\web\CBaseController.php(126): require()
#6 C:\xampp\htdocs\yii\framework\web\CBaseController.php(95): TblUserController->renderInternal()
#7 C:\xampp\htdocs\yii\framework\web\CController.php(869): TblUserController->renderFile()
#8 C:\xampp\htdocs\yii\framework\web\CController.php(782): TblUserController->renderPartial()
#9 C:\xampp\htdocs\jen\protected\controllers\TblUserController.php(79): TblUserController->render()
#10 C:\xampp\htdocs\yii\framework\web\actions\CInlineAction.php(49): TblUserController->actionCreate()
#11 C:\xampp\htdocs\yii\framework\web\CController.php(308): CInlineAction->runWithParams()
#12 C:\xampp\htdocs\yii\framework\web\filters\CFilterChain.php(133): TblUserController->runAction()
#13 C:\xampp\htdocs\yii\framework\web\filters\CFilter.php(40): CFilterChain->run()
#14 C:\xampp\htdocs\yii\framework\web\CController.php(1145): CAccessControlFilter->filter()
#15 C:\xampp\htdocs\yii\framework\web\filters\CInlineFilter.php(58): TblUserController->filterAccessControl()
#16 C:\xampp\htdocs\yii\framework\web\filters\CFilterChain.php(130): CInlineFilter->filter()
#17 C:\xampp\htdocs\yii\framework\web\CController.php(291): CFilterChain->run()
#18 C:\xampp\htdocs\yii\framework\web\CController.php(265): TblUserController->runActionWithFilters()
#19 C:\xampp\htdocs\yii\framework\web\CWebApplication.php(282): TblUserController->run()
#20 C:\xampp\htdocs\yii\framework\web\CWebApplication.php(141): CWebApplication->runController()
#21 C:\xampp\htdocs\yii\framework\base\CApplication.php(169): CWebApplication->processRequest()
#22 C:\xampp\htdocs\jen\index.php(13): CWebApplication->run()
REQUEST_URI=/jen/index.php?r=tblUser/create
in C:\xampp\htdocs\jen\protected\views\tblUser\_form.php (39)
in C:\xampp\htdocs\jen\protected\views\tblUser\create.php (18)
in C:\xampp\htdocs\jen\protected\controllers\TblUserController.php (79)
2013/08/27 13:59:48 [error] [php] include(Departments.php): failed to open stream: No such file or directory (C:\xampp\htdocs\yii\framework\YiiBase.php:421)
Stack trace:
#0 C:\xampp\htdocs\jen\protected\views\tblUser\_form.php(39): spl_autoload_call()
#1 C:\xampp\htdocs\yii\framework\web\CBaseController.php(126): require()
#2 C:\xampp\htdocs\yii\framework\web\CBaseController.php(95): TblUserController->renderInternal()
#3 C:\xampp\htdocs\yii\framework\web\CController.php(869): TblUserController->renderFile()
#4 C:\xampp\htdocs\jen\protected\views\tblUser\create.php(18): TblUserController->renderPartial()
#5 C:\xampp\htdocs\yii\framework\web\CBaseController.php(126): require()
#6 C:\xampp\htdocs\yii\framework\web\CBaseController.php(95): TblUserController->renderInternal()
#7 C:\xampp\htdocs\yii\framework\web\CController.php(869): TblUserController->renderFile()
#8 C:\xampp\htdocs\yii\framework\web\CController.php(782): TblUserController->renderPartial()
#9 C:\xampp\htdocs\jen\protected\controllers\TblUserController.php(79): TblUserController->render()
#10 C:\xampp\htdocs\yii\framework\web\actions\CInlineAction.php(49): TblUserController->actionCreate()
#11 C:\xampp\htdocs\yii\framework\web\CController.php(308): CInlineAction->runWithParams()
#12 C:\xampp\htdocs\yii\framework\web\filters\CFilterChain.php(133): TblUserController->runAction()
#13 C:\xampp\htdocs\yii\framework\web\filters\CFilter.php(40): CFilterChain->run()
#14 C:\xampp\htdocs\yii\framework\web\CController.php(1145): CAccessControlFilter->filter()
#15 C:\xampp\htdocs\yii\framework\web\filters\CInlineFilter.php(58): TblUserController->filterAccessControl()
#16 C:\xampp\htdocs\yii\framework\web\filters\CFilterChain.php(130): CInlineFilter->filter()
#17 C:\xampp\htdocs\yii\framework\web\CController.php(291): CFilterChain->run()
#18 C:\xampp\htdocs\yii\framework\web\CController.php(265): TblUserController->runActionWithFilters()
#19 C:\xampp\htdocs\yii\framework\web\CWebApplication.php(282): TblUserController->run()
#20 C:\xampp\htdocs\yii\framework\web\CWebApplication.php(141): CWebApplication->runController()
#21 C:\xampp\htdocs\yii\framework\base\CApplication.php(169): CWebApplication->processRequest()
#22 C:\xampp\htdocs\jen\index.php(13): CWebApplication->run()
REQUEST_URI=/jen/index.php?r=tblUser/create
in C:\xampp\htdocs\jen\protected\views\tblUser\_form.php (39)
in C:\xampp\htdocs\jen\protected\views\tblUser\create.php (18)
in C:\xampp\htdocs\jen\protected\controllers\TblUserController.php (79)
2013/08/27 14:01:00 [error] [php] include(Departments.php): failed to open stream: No such file or directory (C:\xampp\htdocs\yii\framework\YiiBase.php:421)
Stack trace:
#0 C:\xampp\htdocs\jen\protected\views\tblUser\_form.php(39): spl_autoload_call()
#1 C:\xampp\htdocs\yii\framework\web\CBaseController.php(126): require()
#2 C:\xampp\htdocs\yii\framework\web\CBaseController.php(95): TblUserController->renderInternal()
#3 C:\xampp\htdocs\yii\framework\web\CController.php(869): TblUserController->renderFile()
#4 C:\xampp\htdocs\jen\protected\views\tblUser\create.php(18): TblUserController->renderPartial()
#5 C:\xampp\htdocs\yii\framework\web\CBaseController.php(126): require()
#6 C:\xampp\htdocs\yii\framework\web\CBaseController.php(95): TblUserController->renderInternal()
#7 C:\xampp\htdocs\yii\framework\web\CController.php(869): TblUserController->renderFile()
#8 C:\xampp\htdocs\yii\framework\web\CController.php(782): TblUserController->renderPartial()
#9 C:\xampp\htdocs\jen\protected\controllers\TblUserController.php(79): TblUserController->render()
#10 C:\xampp\htdocs\yii\framework\web\actions\CInlineAction.php(49): TblUserController->actionCreate()
#11 C:\xampp\htdocs\yii\framework\web\CController.php(308): CInlineAction->runWithParams()
#12 C:\xampp\htdocs\yii\framework\web\filters\CFilterChain.php(133): TblUserController->runAction()
#13 C:\xampp\htdocs\yii\framework\web\filters\CFilter.php(40): CFilterChain->run()
#14 C:\xampp\htdocs\yii\framework\web\CController.php(1145): CAccessControlFilter->filter()
#15 C:\xampp\htdocs\yii\framework\web\filters\CInlineFilter.php(58): TblUserController->filterAccessControl()
#16 C:\xampp\htdocs\yii\framework\web\filters\CFilterChain.php(130): CInlineFilter->filter()
#17 C:\xampp\htdocs\yii\framework\web\CController.php(291): CFilterChain->run()
#18 C:\xampp\htdocs\yii\framework\web\CController.php(265): TblUserController->runActionWithFilters()
#19 C:\xampp\htdocs\yii\framework\web\CWebApplication.php(282): TblUserController->run()
#20 C:\xampp\htdocs\yii\framework\web\CWebApplication.php(141): CWebApplication->runController()
#21 C:\xampp\htdocs\yii\framework\base\CApplication.php(169): CWebApplication->processRequest()
#22 C:\xampp\htdocs\jen\index.php(13): CWebApplication->run()
REQUEST_URI=/jen/index.php?r=tblUser/create
in C:\xampp\htdocs\jen\protected\views\tblUser\_form.php (39)
in C:\xampp\htdocs\jen\protected\views\tblUser\create.php (18)
in C:\xampp\htdocs\jen\protected\controllers\TblUserController.php (79)
2013/08/27 14:01:20 [error] [php] include(Departments.php): failed to open stream: No such file or directory (C:\xampp\htdocs\yii\framework\YiiBase.php:421)
Stack trace:
#0 C:\xampp\htdocs\jen\protected\views\tblUser\_form.php(38): spl_autoload_call()
#1 C:\xampp\htdocs\yii\framework\web\CBaseController.php(126): require()
#2 C:\xampp\htdocs\yii\framework\web\CBaseController.php(95): TblUserController->renderInternal()
#3 C:\xampp\htdocs\yii\framework\web\CController.php(869): TblUserController->renderFile()
#4 C:\xampp\htdocs\jen\protected\views\tblUser\create.php(18): TblUserController->renderPartial()
#5 C:\xampp\htdocs\yii\framework\web\CBaseController.php(126): require()
#6 C:\xampp\htdocs\yii\framework\web\CBaseController.php(95): TblUserController->renderInternal()
#7 C:\xampp\htdocs\yii\framework\web\CController.php(869): TblUserController->renderFile()
#8 C:\xampp\htdocs\yii\framework\web\CController.php(782): TblUserController->renderPartial()
#9 C:\xampp\htdocs\jen\protected\controllers\TblUserController.php(79): TblUserController->render()
#10 C:\xampp\htdocs\yii\framework\web\actions\CInlineAction.php(49): TblUserController->actionCreate()
#11 C:\xampp\htdocs\yii\framework\web\CController.php(308): CInlineAction->runWithParams()
#12 C:\xampp\htdocs\yii\framework\web\filters\CFilterChain.php(133): TblUserController->runAction()
#13 C:\xampp\htdocs\yii\framework\web\filters\CFilter.php(40): CFilterChain->run()
#14 C:\xampp\htdocs\yii\framework\web\CController.php(1145): CAccessControlFilter->filter()
#15 C:\xampp\htdocs\yii\framework\web\filters\CInlineFilter.php(58): TblUserController->filterAccessControl()
#16 C:\xampp\htdocs\yii\framework\web\filters\CFilterChain.php(130): CInlineFilter->filter()
#17 C:\xampp\htdocs\yii\framework\web\CController.php(291): CFilterChain->run()
#18 C:\xampp\htdocs\yii\framework\web\CController.php(265): TblUserController->runActionWithFilters()
#19 C:\xampp\htdocs\yii\framework\web\CWebApplication.php(282): TblUserController->run()
#20 C:\xampp\htdocs\yii\framework\web\CWebApplication.php(141): CWebApplication->runController()
#21 C:\xampp\htdocs\yii\framework\base\CApplication.php(169): CWebApplication->processRequest()
#22 C:\xampp\htdocs\jen\index.php(13): CWebApplication->run()
REQUEST_URI=/jen/index.php?r=tblUser/create
in C:\xampp\htdocs\jen\protected\views\tblUser\_form.php (38)
in C:\xampp\htdocs\jen\protected\views\tblUser\create.php (18)
in C:\xampp\htdocs\jen\protected\controllers\TblUserController.php (79)
2013/08/27 14:05:04 [error] [php] include(Categories.php): failed to open stream: No such file or directory (C:\xampp\htdocs\yii\framework\YiiBase.php:421)
Stack trace:
#0 C:\xampp\htdocs\jen\protected\views\tblUser\_form.php(45): spl_autoload_call()
#1 C:\xampp\htdocs\yii\framework\web\CBaseController.php(126): require()
#2 C:\xampp\htdocs\yii\framework\web\CBaseController.php(95): TblUserController->renderInternal()
#3 C:\xampp\htdocs\yii\framework\web\CController.php(869): TblUserController->renderFile()
#4 C:\xampp\htdocs\jen\protected\views\tblUser\create.php(18): TblUserController->renderPartial()
#5 C:\xampp\htdocs\yii\framework\web\CBaseController.php(126): require()
#6 C:\xampp\htdocs\yii\framework\web\CBaseController.php(95): TblUserController->renderInternal()
#7 C:\xampp\htdocs\yii\framework\web\CController.php(869): TblUserController->renderFile()
#8 C:\xampp\htdocs\yii\framework\web\CController.php(782): TblUserController->renderPartial()
#9 C:\xampp\htdocs\jen\protected\controllers\TblUserController.php(79): TblUserController->render()
#10 C:\xampp\htdocs\yii\framework\web\actions\CInlineAction.php(49): TblUserController->actionCreate()
#11 C:\xampp\htdocs\yii\framework\web\CController.php(308): CInlineAction->runWithParams()
#12 C:\xampp\htdocs\yii\framework\web\filters\CFilterChain.php(133): TblUserController->runAction()
#13 C:\xampp\htdocs\yii\framework\web\filters\CFilter.php(40): CFilterChain->run()
#14 C:\xampp\htdocs\yii\framework\web\CController.php(1145): CAccessControlFilter->filter()
#15 C:\xampp\htdocs\yii\framework\web\filters\CInlineFilter.php(58): TblUserController->filterAccessControl()
#16 C:\xampp\htdocs\yii\framework\web\filters\CFilterChain.php(130): CInlineFilter->filter()
#17 C:\xampp\htdocs\yii\framework\web\CController.php(291): CFilterChain->run()
#18 C:\xampp\htdocs\yii\framework\web\CController.php(265): TblUserController->runActionWithFilters()
#19 C:\xampp\htdocs\yii\framework\web\CWebApplication.php(282): TblUserController->run()
#20 C:\xampp\htdocs\yii\framework\web\CWebApplication.php(141): CWebApplication->runController()
#21 C:\xampp\htdocs\yii\framework\base\CApplication.php(169): CWebApplication->processRequest()
#22 C:\xampp\htdocs\jen\index.php(13): CWebApplication->run()
REQUEST_URI=/jen/index.php?r=tblUser/create
in C:\xampp\htdocs\jen\protected\views\tblUser\_form.php (45)
in C:\xampp\htdocs\jen\protected\views\tblUser\create.php (18)
in C:\xampp\htdocs\jen\protected\controllers\TblUserController.php (79)
2013/08/27 14:05:43 [error] [php] include(Categories.php): failed to open stream: No such file or directory (C:\xampp\htdocs\yii\framework\YiiBase.php:421)
Stack trace:
#0 C:\xampp\htdocs\jen\protected\views\tblUser\_form.php(45): spl_autoload_call()
#1 C:\xampp\htdocs\yii\framework\web\CBaseController.php(126): require()
#2 C:\xampp\htdocs\yii\framework\web\CBaseController.php(95): TblUserController->renderInternal()
#3 C:\xampp\htdocs\yii\framework\web\CController.php(869): TblUserController->renderFile()
#4 C:\xampp\htdocs\jen\protected\views\tblUser\create.php(18): TblUserController->renderPartial()
#5 C:\xampp\htdocs\yii\framework\web\CBaseController.php(126): require()
#6 C:\xampp\htdocs\yii\framework\web\CBaseController.php(95): TblUserController->renderInternal()
#7 C:\xampp\htdocs\yii\framework\web\CController.php(869): TblUserController->renderFile()
#8 C:\xampp\htdocs\yii\framework\web\CController.php(782): TblUserController->renderPartial()
#9 C:\xampp\htdocs\jen\protected\controllers\TblUserController.php(79): TblUserController->render()
#10 C:\xampp\htdocs\yii\framework\web\actions\CInlineAction.php(49): TblUserController->actionCreate()
#11 C:\xampp\htdocs\yii\framework\web\CController.php(308): CInlineAction->runWithParams()
#12 C:\xampp\htdocs\yii\framework\web\filters\CFilterChain.php(133): TblUserController->runAction()
#13 C:\xampp\htdocs\yii\framework\web\filters\CFilter.php(40): CFilterChain->run()
#14 C:\xampp\htdocs\yii\framework\web\CController.php(1145): CAccessControlFilter->filter()
#15 C:\xampp\htdocs\yii\framework\web\filters\CInlineFilter.php(58): TblUserController->filterAccessControl()
#16 C:\xampp\htdocs\yii\framework\web\filters\CFilterChain.php(130): CInlineFilter->filter()
#17 C:\xampp\htdocs\yii\framework\web\CController.php(291): CFilterChain->run()
#18 C:\xampp\htdocs\yii\framework\web\CController.php(265): TblUserController->runActionWithFilters()
#19 C:\xampp\htdocs\yii\framework\web\CWebApplication.php(282): TblUserController->run()
#20 C:\xampp\htdocs\yii\framework\web\CWebApplication.php(141): CWebApplication->runController()
#21 C:\xampp\htdocs\yii\framework\base\CApplication.php(169): CWebApplication->processRequest()
#22 C:\xampp\htdocs\jen\index.php(13): CWebApplication->run()
REQUEST_URI=/jen/index.php?r=tblUser/create
in C:\xampp\htdocs\jen\protected\views\tblUser\_form.php (45)
in C:\xampp\htdocs\jen\protected\views\tblUser\create.php (18)
in C:\xampp\htdocs\jen\protected\controllers\TblUserController.php (79)
2013/08/27 14:05:44 [error] [php] include(Categories.php): failed to open stream: No such file or directory (C:\xampp\htdocs\yii\framework\YiiBase.php:421)
Stack trace:
#0 C:\xampp\htdocs\jen\protected\views\tblUser\_form.php(45): spl_autoload_call()
#1 C:\xampp\htdocs\yii\framework\web\CBaseController.php(126): require()
#2 C:\xampp\htdocs\yii\framework\web\CBaseController.php(95): TblUserController->renderInternal()
#3 C:\xampp\htdocs\yii\framework\web\CController.php(869): TblUserController->renderFile()
#4 C:\xampp\htdocs\jen\protected\views\tblUser\create.php(18): TblUserController->renderPartial()
#5 C:\xampp\htdocs\yii\framework\web\CBaseController.php(126): require()
#6 C:\xampp\htdocs\yii\framework\web\CBaseController.php(95): TblUserController->renderInternal()
#7 C:\xampp\htdocs\yii\framework\web\CController.php(869): TblUserController->renderFile()
#8 C:\xampp\htdocs\yii\framework\web\CController.php(782): TblUserController->renderPartial()
#9 C:\xampp\htdocs\jen\protected\controllers\TblUserController.php(79): TblUserController->render()
#10 C:\xampp\htdocs\yii\framework\web\actions\CInlineAction.php(49): TblUserController->actionCreate()
#11 C:\xampp\htdocs\yii\framework\web\CController.php(308): CInlineAction->runWithParams()
#12 C:\xampp\htdocs\yii\framework\web\filters\CFilterChain.php(133): TblUserController->runAction()
#13 C:\xampp\htdocs\yii\framework\web\filters\CFilter.php(40): CFilterChain->run()
#14 C:\xampp\htdocs\yii\framework\web\CController.php(1145): CAccessControlFilter->filter()
#15 C:\xampp\htdocs\yii\framework\web\filters\CInlineFilter.php(58): TblUserController->filterAccessControl()
#16 C:\xampp\htdocs\yii\framework\web\filters\CFilterChain.php(130): CInlineFilter->filter()
#17 C:\xampp\htdocs\yii\framework\web\CController.php(291): CFilterChain->run()
#18 C:\xampp\htdocs\yii\framework\web\CController.php(265): TblUserController->runActionWithFilters()
#19 C:\xampp\htdocs\yii\framework\web\CWebApplication.php(282): TblUserController->run()
#20 C:\xampp\htdocs\yii\framework\web\CWebApplication.php(141): CWebApplication->runController()
#21 C:\xampp\htdocs\yii\framework\base\CApplication.php(169): CWebApplication->processRequest()
#22 C:\xampp\htdocs\jen\index.php(13): CWebApplication->run()
REQUEST_URI=/jen/index.php?r=tblUser/create
in C:\xampp\htdocs\jen\protected\views\tblUser\_form.php (45)
in C:\xampp\htdocs\jen\protected\views\tblUser\create.php (18)
in C:\xampp\htdocs\jen\protected\controllers\TblUserController.php (79)
2013/08/27 14:11:10 [error] [php] include(Departments.php): failed to open stream: No such file or directory (C:\xampp\htdocs\yii\framework\YiiBase.php:421)
Stack trace:
#0 C:\xampp\htdocs\jen\protected\views\tblUser\_form.php(45): spl_autoload_call()
#1 C:\xampp\htdocs\yii\framework\web\CBaseController.php(126): require()
#2 C:\xampp\htdocs\yii\framework\web\CBaseController.php(95): TblUserController->renderInternal()
#3 C:\xampp\htdocs\yii\framework\web\CController.php(869): TblUserController->renderFile()
#4 C:\xampp\htdocs\jen\protected\views\tblUser\create.php(18): TblUserController->renderPartial()
#5 C:\xampp\htdocs\yii\framework\web\CBaseController.php(126): require()
#6 C:\xampp\htdocs\yii\framework\web\CBaseController.php(95): TblUserController->renderInternal()
#7 C:\xampp\htdocs\yii\framework\web\CController.php(869): TblUserController->renderFile()
#8 C:\xampp\htdocs\yii\framework\web\CController.php(782): TblUserController->renderPartial()
#9 C:\xampp\htdocs\jen\protected\controllers\TblUserController.php(79): TblUserController->render()
#10 C:\xampp\htdocs\yii\framework\web\actions\CInlineAction.php(49): TblUserController->actionCreate()
#11 C:\xampp\htdocs\yii\framework\web\CController.php(308): CInlineAction->runWithParams()
#12 C:\xampp\htdocs\yii\framework\web\filters\CFilterChain.php(133): TblUserController->runAction()
#13 C:\xampp\htdocs\yii\framework\web\filters\CFilter.php(40): CFilterChain->run()
#14 C:\xampp\htdocs\yii\framework\web\CController.php(1145): CAccessControlFilter->filter()
#15 C:\xampp\htdocs\yii\framework\web\filters\CInlineFilter.php(58): TblUserController->filterAccessControl()
#16 C:\xampp\htdocs\yii\framework\web\filters\CFilterChain.php(130): CInlineFilter->filter()
#17 C:\xampp\htdocs\yii\framework\web\CController.php(291): CFilterChain->run()
#18 C:\xampp\htdocs\yii\framework\web\CController.php(265): TblUserController->runActionWithFilters()
#19 C:\xampp\htdocs\yii\framework\web\CWebApplication.php(282): TblUserController->run()
#20 C:\xampp\htdocs\yii\framework\web\CWebApplication.php(141): CWebApplication->runController()
#21 C:\xampp\htdocs\yii\framework\base\CApplication.php(169): CWebApplication->processRequest()
#22 C:\xampp\htdocs\jen\index.php(13): CWebApplication->run()
REQUEST_URI=/jen/index.php?r=tblUser/create
in C:\xampp\htdocs\jen\protected\views\tblUser\_form.php (45)
in C:\xampp\htdocs\jen\protected\views\tblUser\create.php (18)
in C:\xampp\htdocs\jen\protected\controllers\TblUserController.php (79)
2013/08/27 14:12:23 [error] [php] include(Categories.php): failed to open stream: No such file or directory (C:\xampp\htdocs\yii\framework\YiiBase.php:421)
Stack trace:
#0 C:\xampp\htdocs\jen\protected\views\tblUser\_form.php(54): spl_autoload_call()
#1 C:\xampp\htdocs\yii\framework\web\CBaseController.php(126): require()
#2 C:\xampp\htdocs\yii\framework\web\CBaseController.php(95): TblUserController->renderInternal()
#3 C:\xampp\htdocs\yii\framework\web\CController.php(869): TblUserController->renderFile()
#4 C:\xampp\htdocs\jen\protected\views\tblUser\create.php(18): TblUserController->renderPartial()
#5 C:\xampp\htdocs\yii\framework\web\CBaseController.php(126): require()
#6 C:\xampp\htdocs\yii\framework\web\CBaseController.php(95): TblUserController->renderInternal()
#7 C:\xampp\htdocs\yii\framework\web\CController.php(869): TblUserController->renderFile()
#8 C:\xampp\htdocs\yii\framework\web\CController.php(782): TblUserController->renderPartial()
#9 C:\xampp\htdocs\jen\protected\controllers\TblUserController.php(79): TblUserController->render()
#10 C:\xampp\htdocs\yii\framework\web\actions\CInlineAction.php(49): TblUserController->actionCreate()
#11 C:\xampp\htdocs\yii\framework\web\CController.php(308): CInlineAction->runWithParams()
#12 C:\xampp\htdocs\yii\framework\web\filters\CFilterChain.php(133): TblUserController->runAction()
#13 C:\xampp\htdocs\yii\framework\web\filters\CFilter.php(40): CFilterChain->run()
#14 C:\xampp\htdocs\yii\framework\web\CController.php(1145): CAccessControlFilter->filter()
#15 C:\xampp\htdocs\yii\framework\web\filters\CInlineFilter.php(58): TblUserController->filterAccessControl()
#16 C:\xampp\htdocs\yii\framework\web\filters\CFilterChain.php(130): CInlineFilter->filter()
#17 C:\xampp\htdocs\yii\framework\web\CController.php(291): CFilterChain->run()
#18 C:\xampp\htdocs\yii\framework\web\CController.php(265): TblUserController->runActionWithFilters()
#19 C:\xampp\htdocs\yii\framework\web\CWebApplication.php(282): TblUserController->run()
#20 C:\xampp\htdocs\yii\framework\web\CWebApplication.php(141): CWebApplication->runController()
#21 C:\xampp\htdocs\yii\framework\base\CApplication.php(169): CWebApplication->processRequest()
#22 C:\xampp\htdocs\jen\index.php(13): CWebApplication->run()
REQUEST_URI=/jen/index.php?r=tblUser/create
in C:\xampp\htdocs\jen\protected\views\tblUser\_form.php (54)
in C:\xampp\htdocs\jen\protected\views\tblUser\create.php (18)
in C:\xampp\htdocs\jen\protected\controllers\TblUserController.php (79)
2013/08/27 14:13:13 [error] [php] include(Categories.php): failed to open stream: No such file or directory (C:\xampp\htdocs\yii\framework\YiiBase.php:421)
Stack trace:
#0 C:\xampp\htdocs\jen\protected\views\tblUser\_form.php(54): spl_autoload_call()
#1 C:\xampp\htdocs\yii\framework\web\CBaseController.php(126): require()
#2 C:\xampp\htdocs\yii\framework\web\CBaseController.php(95): TblUserController->renderInternal()
#3 C:\xampp\htdocs\yii\framework\web\CController.php(869): TblUserController->renderFile()
#4 C:\xampp\htdocs\jen\protected\views\tblUser\create.php(18): TblUserController->renderPartial()
#5 C:\xampp\htdocs\yii\framework\web\CBaseController.php(126): require()
#6 C:\xampp\htdocs\yii\framework\web\CBaseController.php(95): TblUserController->renderInternal()
#7 C:\xampp\htdocs\yii\framework\web\CController.php(869): TblUserController->renderFile()
#8 C:\xampp\htdocs\yii\framework\web\CController.php(782): TblUserController->renderPartial()
#9 C:\xampp\htdocs\jen\protected\controllers\TblUserController.php(79): TblUserController->render()
#10 C:\xampp\htdocs\yii\framework\web\actions\CInlineAction.php(49): TblUserController->actionCreate()
#11 C:\xampp\htdocs\yii\framework\web\CController.php(308): CInlineAction->runWithParams()
#12 C:\xampp\htdocs\yii\framework\web\filters\CFilterChain.php(133): TblUserController->runAction()
#13 C:\xampp\htdocs\yii\framework\web\filters\CFilter.php(40): CFilterChain->run()
#14 C:\xampp\htdocs\yii\framework\web\CController.php(1145): CAccessControlFilter->filter()
#15 C:\xampp\htdocs\yii\framework\web\filters\CInlineFilter.php(58): TblUserController->filterAccessControl()
#16 C:\xampp\htdocs\yii\framework\web\filters\CFilterChain.php(130): CInlineFilter->filter()
#17 C:\xampp\htdocs\yii\framework\web\CController.php(291): CFilterChain->run()
#18 C:\xampp\htdocs\yii\framework\web\CController.php(265): TblUserController->runActionWithFilters()
#19 C:\xampp\htdocs\yii\framework\web\CWebApplication.php(282): TblUserController->run()
#20 C:\xampp\htdocs\yii\framework\web\CWebApplication.php(141): CWebApplication->runController()
#21 C:\xampp\htdocs\yii\framework\base\CApplication.php(169): CWebApplication->processRequest()
#22 C:\xampp\htdocs\jen\index.php(13): CWebApplication->run()
REQUEST_URI=/jen/index.php?r=tblUser/create
in C:\xampp\htdocs\jen\protected\views\tblUser\_form.php (54)
in C:\xampp\htdocs\jen\protected\views\tblUser\create.php (18)
in C:\xampp\htdocs\jen\protected\controllers\TblUserController.php (79)
2013/08/27 14:17:54 [error] [php] include(Categories.php): failed to open stream: No such file or directory (C:\xampp\htdocs\yii\framework\YiiBase.php:421)
Stack trace:
#0 C:\xampp\htdocs\jen\protected\views\tblUser\_form.php(52): spl_autoload_call()
#1 C:\xampp\htdocs\yii\framework\web\CBaseController.php(126): require()
#2 C:\xampp\htdocs\yii\framework\web\CBaseController.php(95): TblUserController->renderInternal()
#3 C:\xampp\htdocs\yii\framework\web\CController.php(869): TblUserController->renderFile()
#4 C:\xampp\htdocs\jen\protected\views\tblUser\create.php(18): TblUserController->renderPartial()
#5 C:\xampp\htdocs\yii\framework\web\CBaseController.php(126): require()
#6 C:\xampp\htdocs\yii\framework\web\CBaseController.php(95): TblUserController->renderInternal()
#7 C:\xampp\htdocs\yii\framework\web\CController.php(869): TblUserController->renderFile()
#8 C:\xampp\htdocs\yii\framework\web\CController.php(782): TblUserController->renderPartial()
#9 C:\xampp\htdocs\jen\protected\controllers\TblUserController.php(79): TblUserController->render()
#10 C:\xampp\htdocs\yii\framework\web\actions\CInlineAction.php(49): TblUserController->actionCreate()
#11 C:\xampp\htdocs\yii\framework\web\CController.php(308): CInlineAction->runWithParams()
#12 C:\xampp\htdocs\yii\framework\web\filters\CFilterChain.php(133): TblUserController->runAction()
#13 C:\xampp\htdocs\yii\framework\web\filters\CFilter.php(40): CFilterChain->run()
#14 C:\xampp\htdocs\yii\framework\web\CController.php(1145): CAccessControlFilter->filter()
#15 C:\xampp\htdocs\yii\framework\web\filters\CInlineFilter.php(58): TblUserController->filterAccessControl()
#16 C:\xampp\htdocs\yii\framework\web\filters\CFilterChain.php(130): CInlineFilter->filter()
#17 C:\xampp\htdocs\yii\framework\web\CController.php(291): CFilterChain->run()
#18 C:\xampp\htdocs\yii\framework\web\CController.php(265): TblUserController->runActionWithFilters()
#19 C:\xampp\htdocs\yii\framework\web\CWebApplication.php(282): TblUserController->run()
#20 C:\xampp\htdocs\yii\framework\web\CWebApplication.php(141): CWebApplication->runController()
#21 C:\xampp\htdocs\yii\framework\base\CApplication.php(169): CWebApplication->processRequest()
#22 C:\xampp\htdocs\jen\index.php(13): CWebApplication->run()
REQUEST_URI=/jen/index.php?r=tblUser/create
in C:\xampp\htdocs\jen\protected\views\tblUser\_form.php (52)
in C:\xampp\htdocs\jen\protected\views\tblUser\create.php (18)
in C:\xampp\htdocs\jen\protected\controllers\TblUserController.php (79)
2013/08/27 14:17:55 [error] [php] include(Categories.php): failed to open stream: No such file or directory (C:\xampp\htdocs\yii\framework\YiiBase.php:421)
Stack trace:
#0 C:\xampp\htdocs\jen\protected\views\tblUser\_form.php(52): spl_autoload_call()
#1 C:\xampp\htdocs\yii\framework\web\CBaseController.php(126): require()
#2 C:\xampp\htdocs\yii\framework\web\CBaseController.php(95): TblUserController->renderInternal()
#3 C:\xampp\htdocs\yii\framework\web\CController.php(869): TblUserController->renderFile()
#4 C:\xampp\htdocs\jen\protected\views\tblUser\create.php(18): TblUserController->renderPartial()
#5 C:\xampp\htdocs\yii\framework\web\CBaseController.php(126): require()
#6 C:\xampp\htdocs\yii\framework\web\CBaseController.php(95): TblUserController->renderInternal()
#7 C:\xampp\htdocs\yii\framework\web\CController.php(869): TblUserController->renderFile()
#8 C:\xampp\htdocs\yii\framework\web\CController.php(782): TblUserController->renderPartial()
#9 C:\xampp\htdocs\jen\protected\controllers\TblUserController.php(79): TblUserController->render()
#10 C:\xampp\htdocs\yii\framework\web\actions\CInlineAction.php(49): TblUserController->actionCreate()
#11 C:\xampp\htdocs\yii\framework\web\CController.php(308): CInlineAction->runWithParams()
#12 C:\xampp\htdocs\yii\framework\web\filters\CFilterChain.php(133): TblUserController->runAction()
#13 C:\xampp\htdocs\yii\framework\web\filters\CFilter.php(40): CFilterChain->run()
#14 C:\xampp\htdocs\yii\framework\web\CController.php(1145): CAccessControlFilter->filter()
#15 C:\xampp\htdocs\yii\framework\web\filters\CInlineFilter.php(58): TblUserController->filterAccessControl()
#16 C:\xampp\htdocs\yii\framework\web\filters\CFilterChain.php(130): CInlineFilter->filter()
#17 C:\xampp\htdocs\yii\framework\web\CController.php(291): CFilterChain->run()
#18 C:\xampp\htdocs\yii\framework\web\CController.php(265): TblUserController->runActionWithFilters()
#19 C:\xampp\htdocs\yii\framework\web\CWebApplication.php(282): TblUserController->run()
#20 C:\xampp\htdocs\yii\framework\web\CWebApplication.php(141): CWebApplication->runController()
#21 C:\xampp\htdocs\yii\framework\base\CApplication.php(169): CWebApplication->processRequest()
#22 C:\xampp\htdocs\jen\index.php(13): CWebApplication->run()
REQUEST_URI=/jen/index.php?r=tblUser/create
in C:\xampp\htdocs\jen\protected\views\tblUser\_form.php (52)
in C:\xampp\htdocs\jen\protected\views\tblUser\create.php (18)
in C:\xampp\htdocs\jen\protected\controllers\TblUserController.php (79)
2013/08/27 14:18:02 [error] [php] include(Categories.php): failed to open stream: No such file or directory (C:\xampp\htdocs\yii\framework\YiiBase.php:421)
Stack trace:
#0 C:\xampp\htdocs\jen\protected\views\tblUser\_form.php(54): spl_autoload_call()
#1 C:\xampp\htdocs\yii\framework\web\CBaseController.php(126): require()
#2 C:\xampp\htdocs\yii\framework\web\CBaseController.php(95): TblUserController->renderInternal()
#3 C:\xampp\htdocs\yii\framework\web\CController.php(869): TblUserController->renderFile()
#4 C:\xampp\htdocs\jen\protected\views\tblUser\create.php(18): TblUserController->renderPartial()
#5 C:\xampp\htdocs\yii\framework\web\CBaseController.php(126): require()
#6 C:\xampp\htdocs\yii\framework\web\CBaseController.php(95): TblUserController->renderInternal()
#7 C:\xampp\htdocs\yii\framework\web\CController.php(869): TblUserController->renderFile()
#8 C:\xampp\htdocs\yii\framework\web\CController.php(782): TblUserController->renderPartial()
#9 C:\xampp\htdocs\jen\protected\controllers\TblUserController.php(79): TblUserController->render()
#10 C:\xampp\htdocs\yii\framework\web\actions\CInlineAction.php(49): TblUserController->actionCreate()
#11 C:\xampp\htdocs\yii\framework\web\CController.php(308): CInlineAction->runWithParams()
#12 C:\xampp\htdocs\yii\framework\web\filters\CFilterChain.php(133): TblUserController->runAction()
#13 C:\xampp\htdocs\yii\framework\web\filters\CFilter.php(40): CFilterChain->run()
#14 C:\xampp\htdocs\yii\framework\web\CController.php(1145): CAccessControlFilter->filter()
#15 C:\xampp\htdocs\yii\framework\web\filters\CInlineFilter.php(58): TblUserController->filterAccessControl()
#16 C:\xampp\htdocs\yii\framework\web\filters\CFilterChain.php(130): CInlineFilter->filter()
#17 C:\xampp\htdocs\yii\framework\web\CController.php(291): CFilterChain->run()
#18 C:\xampp\htdocs\yii\framework\web\CController.php(265): TblUserController->runActionWithFilters()
#19 C:\xampp\htdocs\yii\framework\web\CWebApplication.php(282): TblUserController->run()
#20 C:\xampp\htdocs\yii\framework\web\CWebApplication.php(141): CWebApplication->runController()
#21 C:\xampp\htdocs\yii\framework\base\CApplication.php(169): CWebApplication->processRequest()
#22 C:\xampp\htdocs\jen\index.php(13): CWebApplication->run()
REQUEST_URI=/jen/index.php?r=tblUser/create
in C:\xampp\htdocs\jen\protected\views\tblUser\_form.php (54)
in C:\xampp\htdocs\jen\protected\views\tblUser\create.php (18)
in C:\xampp\htdocs\jen\protected\controllers\TblUserController.php (79)
2013/08/27 14:48:13 [error] [php] include(Categories.php): failed to open stream: No such file or directory (C:\xampp\htdocs\yii\framework\YiiBase.php:421)
Stack trace:
#0 C:\xampp\htdocs\jen\protected\views\tblUser\_form.php(48): spl_autoload_call()
#1 C:\xampp\htdocs\yii\framework\web\CBaseController.php(126): require()
#2 C:\xampp\htdocs\yii\framework\web\CBaseController.php(95): TblUserController->renderInternal()
#3 C:\xampp\htdocs\yii\framework\web\CController.php(869): TblUserController->renderFile()
#4 C:\xampp\htdocs\jen\protected\views\tblUser\create.php(18): TblUserController->renderPartial()
#5 C:\xampp\htdocs\yii\framework\web\CBaseController.php(126): require()
#6 C:\xampp\htdocs\yii\framework\web\CBaseController.php(95): TblUserController->renderInternal()
#7 C:\xampp\htdocs\yii\framework\web\CController.php(869): TblUserController->renderFile()
#8 C:\xampp\htdocs\yii\framework\web\CController.php(782): TblUserController->renderPartial()
#9 C:\xampp\htdocs\jen\protected\controllers\TblUserController.php(79): TblUserController->render()
#10 C:\xampp\htdocs\yii\framework\web\actions\CInlineAction.php(49): TblUserController->actionCreate()
#11 C:\xampp\htdocs\yii\framework\web\CController.php(308): CInlineAction->runWithParams()
#12 C:\xampp\htdocs\yii\framework\web\filters\CFilterChain.php(133): TblUserController->runAction()
#13 C:\xampp\htdocs\yii\framework\web\filters\CFilter.php(40): CFilterChain->run()
#14 C:\xampp\htdocs\yii\framework\web\CController.php(1145): CAccessControlFilter->filter()
#15 C:\xampp\htdocs\yii\framework\web\filters\CInlineFilter.php(58): TblUserController->filterAccessControl()
#16 C:\xampp\htdocs\yii\framework\web\filters\CFilterChain.php(130): CInlineFilter->filter()
#17 C:\xampp\htdocs\yii\framework\web\CController.php(291): CFilterChain->run()
#18 C:\xampp\htdocs\yii\framework\web\CController.php(265): TblUserController->runActionWithFilters()
#19 C:\xampp\htdocs\yii\framework\web\CWebApplication.php(282): TblUserController->run()
#20 C:\xampp\htdocs\yii\framework\web\CWebApplication.php(141): CWebApplication->runController()
#21 C:\xampp\htdocs\yii\framework\base\CApplication.php(169): CWebApplication->processRequest()
#22 C:\xampp\htdocs\jen\index.php(13): CWebApplication->run()
REQUEST_URI=/jen/index.php?r=tblUser/create
in C:\xampp\htdocs\jen\protected\views\tblUser\_form.php (48)
in C:\xampp\htdocs\jen\protected\views\tblUser\create.php (18)
in C:\xampp\htdocs\jen\protected\controllers\TblUserController.php (79)
2013/08/27 14:48:29 [error] [php] include(Categories.php): failed to open stream: No such file or directory (C:\xampp\htdocs\yii\framework\YiiBase.php:421)
Stack trace:
#0 C:\xampp\htdocs\jen\protected\views\tblUser\_form.php(46): spl_autoload_call()
#1 C:\xampp\htdocs\yii\framework\web\CBaseController.php(126): require()
#2 C:\xampp\htdocs\yii\framework\web\CBaseController.php(95): TblUserController->renderInternal()
#3 C:\xampp\htdocs\yii\framework\web\CController.php(869): TblUserController->renderFile()
#4 C:\xampp\htdocs\jen\protected\views\tblUser\create.php(18): TblUserController->renderPartial()
#5 C:\xampp\htdocs\yii\framework\web\CBaseController.php(126): require()
#6 C:\xampp\htdocs\yii\framework\web\CBaseController.php(95): TblUserController->renderInternal()
#7 C:\xampp\htdocs\yii\framework\web\CController.php(869): TblUserController->renderFile()
#8 C:\xampp\htdocs\yii\framework\web\CController.php(782): TblUserController->renderPartial()
#9 C:\xampp\htdocs\jen\protected\controllers\TblUserController.php(79): TblUserController->render()
#10 C:\xampp\htdocs\yii\framework\web\actions\CInlineAction.php(49): TblUserController->actionCreate()
#11 C:\xampp\htdocs\yii\framework\web\CController.php(308): CInlineAction->runWithParams()
#12 C:\xampp\htdocs\yii\framework\web\filters\CFilterChain.php(133): TblUserController->runAction()
#13 C:\xampp\htdocs\yii\framework\web\filters\CFilter.php(40): CFilterChain->run()
#14 C:\xampp\htdocs\yii\framework\web\CController.php(1145): CAccessControlFilter->filter()
#15 C:\xampp\htdocs\yii\framework\web\filters\CInlineFilter.php(58): TblUserController->filterAccessControl()
#16 C:\xampp\htdocs\yii\framework\web\filters\CFilterChain.php(130): CInlineFilter->filter()
#17 C:\xampp\htdocs\yii\framework\web\CController.php(291): CFilterChain->run()
#18 C:\xampp\htdocs\yii\framework\web\CController.php(265): TblUserController->runActionWithFilters()
#19 C:\xampp\htdocs\yii\framework\web\CWebApplication.php(282): TblUserController->run()
#20 C:\xampp\htdocs\yii\framework\web\CWebApplication.php(141): CWebApplication->runController()
#21 C:\xampp\htdocs\yii\framework\base\CApplication.php(169): CWebApplication->processRequest()
#22 C:\xampp\htdocs\jen\index.php(13): CWebApplication->run()
REQUEST_URI=/jen/index.php?r=tblUser/create
in C:\xampp\htdocs\jen\protected\views\tblUser\_form.php (46)
in C:\xampp\htdocs\jen\protected\views\tblUser\create.php (18)
in C:\xampp\htdocs\jen\protected\controllers\TblUserController.php (79)
2013/08/27 14:48:30 [error] [php] include(Categories.php): failed to open stream: No such file or directory (C:\xampp\htdocs\yii\framework\YiiBase.php:421)
Stack trace:
#0 C:\xampp\htdocs\jen\protected\views\tblUser\_form.php(46): spl_autoload_call()
#1 C:\xampp\htdocs\yii\framework\web\CBaseController.php(126): require()
#2 C:\xampp\htdocs\yii\framework\web\CBaseController.php(95): TblUserController->renderInternal()
#3 C:\xampp\htdocs\yii\framework\web\CController.php(869): TblUserController->renderFile()
#4 C:\xampp\htdocs\jen\protected\views\tblUser\create.php(18): TblUserController->renderPartial()
#5 C:\xampp\htdocs\yii\framework\web\CBaseController.php(126): require()
#6 C:\xampp\htdocs\yii\framework\web\CBaseController.php(95): TblUserController->renderInternal()
#7 C:\xampp\htdocs\yii\framework\web\CController.php(869): TblUserController->renderFile()
#8 C:\xampp\htdocs\yii\framework\web\CController.php(782): TblUserController->renderPartial()
#9 C:\xampp\htdocs\jen\protected\controllers\TblUserController.php(79): TblUserController->render()
#10 C:\xampp\htdocs\yii\framework\web\actions\CInlineAction.php(49): TblUserController->actionCreate()
#11 C:\xampp\htdocs\yii\framework\web\CController.php(308): CInlineAction->runWithParams()
#12 C:\xampp\htdocs\yii\framework\web\filters\CFilterChain.php(133): TblUserController->runAction()
#13 C:\xampp\htdocs\yii\framework\web\filters\CFilter.php(40): CFilterChain->run()
#14 C:\xampp\htdocs\yii\framework\web\CController.php(1145): CAccessControlFilter->filter()
#15 C:\xampp\htdocs\yii\framework\web\filters\CInlineFilter.php(58): TblUserController->filterAccessControl()
#16 C:\xampp\htdocs\yii\framework\web\filters\CFilterChain.php(130): CInlineFilter->filter()
#17 C:\xampp\htdocs\yii\framework\web\CController.php(291): CFilterChain->run()
#18 C:\xampp\htdocs\yii\framework\web\CController.php(265): TblUserController->runActionWithFilters()
#19 C:\xampp\htdocs\yii\framework\web\CWebApplication.php(282): TblUserController->run()
#20 C:\xampp\htdocs\yii\framework\web\CWebApplication.php(141): CWebApplication->runController()
#21 C:\xampp\htdocs\yii\framework\base\CApplication.php(169): CWebApplication->processRequest()
#22 C:\xampp\htdocs\jen\index.php(13): CWebApplication->run()
REQUEST_URI=/jen/index.php?r=tblUser/create
in C:\xampp\htdocs\jen\protected\views\tblUser\_form.php (46)
in C:\xampp\htdocs\jen\protected\views\tblUser\create.php (18)
in C:\xampp\htdocs\jen\protected\controllers\TblUserController.php (79)
2013/08/27 14:49:19 [error] [php] include(Categories.php): failed to open stream: No such file or directory (C:\xampp\htdocs\yii\framework\YiiBase.php:421)
Stack trace:
#0 C:\xampp\htdocs\jen\protected\views\tblUser\_form.php(40): spl_autoload_call()
#1 C:\xampp\htdocs\yii\framework\web\CBaseController.php(126): require()
#2 C:\xampp\htdocs\yii\framework\web\CBaseController.php(95): TblUserController->renderInternal()
#3 C:\xampp\htdocs\yii\framework\web\CController.php(869): TblUserController->renderFile()
#4 C:\xampp\htdocs\jen\protected\views\tblUser\create.php(18): TblUserController->renderPartial()
#5 C:\xampp\htdocs\yii\framework\web\CBaseController.php(126): require()
#6 C:\xampp\htdocs\yii\framework\web\CBaseController.php(95): TblUserController->renderInternal()
#7 C:\xampp\htdocs\yii\framework\web\CController.php(869): TblUserController->renderFile()
#8 C:\xampp\htdocs\yii\framework\web\CController.php(782): TblUserController->renderPartial()
#9 C:\xampp\htdocs\jen\protected\controllers\TblUserController.php(79): TblUserController->render()
#10 C:\xampp\htdocs\yii\framework\web\actions\CInlineAction.php(49): TblUserController->actionCreate()
#11 C:\xampp\htdocs\yii\framework\web\CController.php(308): CInlineAction->runWithParams()
#12 C:\xampp\htdocs\yii\framework\web\filters\CFilterChain.php(133): TblUserController->runAction()
#13 C:\xampp\htdocs\yii\framework\web\filters\CFilter.php(40): CFilterChain->run()
#14 C:\xampp\htdocs\yii\framework\web\CController.php(1145): CAccessControlFilter->filter()
#15 C:\xampp\htdocs\yii\framework\web\filters\CInlineFilter.php(58): TblUserController->filterAccessControl()
#16 C:\xampp\htdocs\yii\framework\web\filters\CFilterChain.php(130): CInlineFilter->filter()
#17 C:\xampp\htdocs\yii\framework\web\CController.php(291): CFilterChain->run()
#18 C:\xampp\htdocs\yii\framework\web\CController.php(265): TblUserController->runActionWithFilters()
#19 C:\xampp\htdocs\yii\framework\web\CWebApplication.php(282): TblUserController->run()
#20 C:\xampp\htdocs\yii\framework\web\CWebApplication.php(141): CWebApplication->runController()
#21 C:\xampp\htdocs\yii\framework\base\CApplication.php(169): CWebApplication->processRequest()
#22 C:\xampp\htdocs\jen\index.php(13): CWebApplication->run()
REQUEST_URI=/jen/index.php?r=tblUser/create
in C:\xampp\htdocs\jen\protected\views\tblUser\_form.php (40)
in C:\xampp\htdocs\jen\protected\views\tblUser\create.php (18)
in C:\xampp\htdocs\jen\protected\controllers\TblUserController.php (79)
2013/08/27 14:49:48 [error] [php] include(Categories.php): failed to open stream: No such file or directory (C:\xampp\htdocs\yii\framework\YiiBase.php:421)
Stack trace:
#0 C:\xampp\htdocs\jen\protected\views\tblUser\_form.php(39): spl_autoload_call()
#1 C:\xampp\htdocs\yii\framework\web\CBaseController.php(126): require()
#2 C:\xampp\htdocs\yii\framework\web\CBaseController.php(95): TblUserController->renderInternal()
#3 C:\xampp\htdocs\yii\framework\web\CController.php(869): TblUserController->renderFile()
#4 C:\xampp\htdocs\jen\protected\views\tblUser\create.php(18): TblUserController->renderPartial()
#5 C:\xampp\htdocs\yii\framework\web\CBaseController.php(126): require()
#6 C:\xampp\htdocs\yii\framework\web\CBaseController.php(95): TblUserController->renderInternal()
#7 C:\xampp\htdocs\yii\framework\web\CController.php(869): TblUserController->renderFile()
#8 C:\xampp\htdocs\yii\framework\web\CController.php(782): TblUserController->renderPartial()
#9 C:\xampp\htdocs\jen\protected\controllers\TblUserController.php(79): TblUserController->render()
#10 C:\xampp\htdocs\yii\framework\web\actions\CInlineAction.php(49): TblUserController->actionCreate()
#11 C:\xampp\htdocs\yii\framework\web\CController.php(308): CInlineAction->runWithParams()
#12 C:\xampp\htdocs\yii\framework\web\filters\CFilterChain.php(133): TblUserController->runAction()
#13 C:\xampp\htdocs\yii\framework\web\filters\CFilter.php(40): CFilterChain->run()
#14 C:\xampp\htdocs\yii\framework\web\CController.php(1145): CAccessControlFilter->filter()
#15 C:\xampp\htdocs\yii\framework\web\filters\CInlineFilter.php(58): TblUserController->filterAccessControl()
#16 C:\xampp\htdocs\yii\framework\web\filters\CFilterChain.php(130): CInlineFilter->filter()
#17 C:\xampp\htdocs\yii\framework\web\CController.php(291): CFilterChain->run()
#18 C:\xampp\htdocs\yii\framework\web\CController.php(265): TblUserController->runActionWithFilters()
#19 C:\xampp\htdocs\yii\framework\web\CWebApplication.php(282): TblUserController->run()
#20 C:\xampp\htdocs\yii\framework\web\CWebApplication.php(141): CWebApplication->runController()
#21 C:\xampp\htdocs\yii\framework\base\CApplication.php(169): CWebApplication->processRequest()
#22 C:\xampp\htdocs\jen\index.php(13): CWebApplication->run()
REQUEST_URI=/jen/index.php?r=tblUser/create
in C:\xampp\htdocs\jen\protected\views\tblUser\_form.php (39)
in C:\xampp\htdocs\jen\protected\views\tblUser\create.php (18)
in C:\xampp\htdocs\jen\protected\controllers\TblUserController.php (79)
2013/08/27 15:01:44 [warning] [application] Failed to set unsafe attribute "department" of "TblUser".
in C:\xampp\htdocs\jen\protected\controllers\TblUserController.php (72)
in C:\xampp\htdocs\jen\index.php (13)
2013/08/27 15:02:45 [warning] [application] Failed to set unsafe attribute "department" of "TblUser".
in C:\xampp\htdocs\jen\protected\controllers\TblUserController.php (72)
in C:\xampp\htdocs\jen\index.php (13)
2013/08/27 15:02:52 [warning] [application] Failed to set unsafe attribute "department" of "TblUser".
in C:\xampp\htdocs\jen\protected\controllers\TblUserController.php (72)
in C:\xampp\htdocs\jen\index.php (13)
2013/09/03 18:23:58 [error] [php] Trying to get property of non-object (C:\xampp\htdocs\SysAdd\protected\views\layouts\main.php:9)
Stack trace:
#0 C:\xampp\htdocs\yii\framework\web\widgets\CContentDecorator.php(76): SiteController->renderFile()
#1 C:\xampp\htdocs\yii\framework\web\widgets\CContentDecorator.php(54): CContentDecorator->decorate()
#2 C:\xampp\htdocs\yii\framework\web\widgets\COutputProcessor.php(44): CContentDecorator->processOutput()
#3 C:\xampp\htdocs\yii\framework\web\CBaseController.php(206): CContentDecorator->run()
#4 C:\xampp\htdocs\yii\framework\web\CBaseController.php(300): SiteController->endWidget()
#5 C:\xampp\htdocs\SysAdd\protected\views\layouts\column1.php(6): SiteController->endContent()
#6 C:\xampp\htdocs\yii\framework\web\CBaseController.php(126): require()
#7 C:\xampp\htdocs\yii\framework\web\CBaseController.php(95): SiteController->renderInternal()
#8 C:\xampp\htdocs\yii\framework\web\CController.php(784): SiteController->renderFile()
#9 C:\xampp\htdocs\SysAdd\protected\controllers\SiteController.php(32): SiteController->render()
#10 C:\xampp\htdocs\yii\framework\web\actions\CInlineAction.php(49): SiteController->actionIndex()
#11 C:\xampp\htdocs\yii\framework\web\CController.php(308): CInlineAction->runWithParams()
#12 C:\xampp\htdocs\yii\framework\web\CController.php(286): SiteController->runAction()
#13 C:\xampp\htdocs\yii\framework\web\CController.php(265): SiteController->runActionWithFilters()
#14 C:\xampp\htdocs\yii\framework\web\CWebApplication.php(282): SiteController->run()
#15 C:\xampp\htdocs\yii\framework\web\CWebApplication.php(141): CWebApplication->runController()
#16 C:\xampp\htdocs\yii\framework\base\CApplication.php(180): CWebApplication->processRequest()
#17 C:\xampp\htdocs\SysAdd\index.php(13): CWebApplication->run()
REQUEST_URI=/SysAdd/
in C:\xampp\htdocs\SysAdd\protected\views\layouts\main.php (9)
in C:\xampp\htdocs\SysAdd\protected\views\layouts\column1.php (6)
in C:\xampp\htdocs\SysAdd\protected\controllers\SiteController.php (32)
2013/09/03 18:26:55 [error] [php] Trying to get property of non-object (C:\xampp\htdocs\SysAdd\protected\views\layouts\main.php:9)
Stack trace:
#0 C:\xampp\htdocs\yii\framework\web\widgets\CContentDecorator.php(76): SiteController->renderFile()
#1 C:\xampp\htdocs\yii\framework\web\widgets\CContentDecorator.php(54): CContentDecorator->decorate()
#2 C:\xampp\htdocs\yii\framework\web\widgets\COutputProcessor.php(44): CContentDecorator->processOutput()
#3 C:\xampp\htdocs\yii\framework\web\CBaseController.php(206): CContentDecorator->run()
#4 C:\xampp\htdocs\yii\framework\web\CBaseController.php(300): SiteController->endWidget()
#5 C:\xampp\htdocs\SysAdd\protected\views\layouts\column1.php(6): SiteController->endContent()
#6 C:\xampp\htdocs\yii\framework\web\CBaseController.php(126): require()
#7 C:\xampp\htdocs\yii\framework\web\CBaseController.php(95): SiteController->renderInternal()
#8 C:\xampp\htdocs\yii\framework\web\CController.php(784): SiteController->renderFile()
#9 C:\xampp\htdocs\SysAdd\protected\controllers\SiteController.php(32): SiteController->render()
#10 C:\xampp\htdocs\yii\framework\web\actions\CInlineAction.php(49): SiteController->actionIndex()
#11 C:\xampp\htdocs\yii\framework\web\CController.php(308): CInlineAction->runWithParams()
#12 C:\xampp\htdocs\yii\framework\web\CController.php(286): SiteController->runAction()
#13 C:\xampp\htdocs\yii\framework\web\CController.php(265): SiteController->runActionWithFilters()
#14 C:\xampp\htdocs\yii\framework\web\CWebApplication.php(282): SiteController->run()
#15 C:\xampp\htdocs\yii\framework\web\CWebApplication.php(141): CWebApplication->runController()
#16 C:\xampp\htdocs\yii\framework\base\CApplication.php(180): CWebApplication->processRequest()
#17 C:\xampp\htdocs\SysAdd\index.php(13): CWebApplication->run()
REQUEST_URI=/SysAdd/
in C:\xampp\htdocs\SysAdd\protected\views\layouts\main.php (9)
in C:\xampp\htdocs\SysAdd\protected\views\layouts\column1.php (6)
in C:\xampp\htdocs\SysAdd\protected\controllers\SiteController.php (32)
2013/09/03 18:31:44 [error] [php] Trying to get property of non-object (C:\xampp\htdocs\SysAdd\protected\views\layouts\main.php:9)
Stack trace:
#0 C:\xampp\htdocs\yii\framework\web\widgets\CContentDecorator.php(76): SiteController->renderFile()
#1 C:\xampp\htdocs\yii\framework\web\widgets\CContentDecorator.php(54): CContentDecorator->decorate()
#2 C:\xampp\htdocs\yii\framework\web\widgets\COutputProcessor.php(44): CContentDecorator->processOutput()
#3 C:\xampp\htdocs\yii\framework\web\CBaseController.php(206): CContentDecorator->run()
#4 C:\xampp\htdocs\yii\framework\web\CBaseController.php(300): SiteController->endWidget()
#5 C:\xampp\htdocs\SysAdd\protected\views\layouts\column1.php(6): SiteController->endContent()
#6 C:\xampp\htdocs\yii\framework\web\CBaseController.php(126): require()
#7 C:\xampp\htdocs\yii\framework\web\CBaseController.php(95): SiteController->renderInternal()
#8 C:\xampp\htdocs\yii\framework\web\CController.php(784): SiteController->renderFile()
#9 C:\xampp\htdocs\SysAdd\protected\controllers\SiteController.php(32): SiteController->render()
#10 C:\xampp\htdocs\yii\framework\web\actions\CInlineAction.php(49): SiteController->actionIndex()
#11 C:\xampp\htdocs\yii\framework\web\CController.php(308): CInlineAction->runWithParams()
#12 C:\xampp\htdocs\yii\framework\web\CController.php(286): SiteController->runAction()
#13 C:\xampp\htdocs\yii\framework\web\CController.php(265): SiteController->runActionWithFilters()
#14 C:\xampp\htdocs\yii\framework\web\CWebApplication.php(282): SiteController->run()
#15 C:\xampp\htdocs\yii\framework\web\CWebApplication.php(141): CWebApplication->runController()
#16 C:\xampp\htdocs\yii\framework\base\CApplication.php(180): CWebApplication->processRequest()
#17 C:\xampp\htdocs\SysAdd\index.php(13): CWebApplication->run()
REQUEST_URI=/SysAdd/index.php?r=site/index
in C:\xampp\htdocs\SysAdd\protected\views\layouts\main.php (9)
in C:\xampp\htdocs\SysAdd\protected\views\layouts\column1.php (6)
in C:\xampp\htdocs\SysAdd\protected\controllers\SiteController.php (32)
2013/09/03 18:37:41 [error] [php] Trying to get property of non-object (C:\xampp\htdocs\SysAdd\protected\views\layouts\main.php:9)
Stack trace:
#0 C:\xampp\htdocs\yii\framework\web\widgets\CContentDecorator.php(76): SiteController->renderFile()
#1 C:\xampp\htdocs\yii\framework\web\widgets\CContentDecorator.php(54): CContentDecorator->decorate()
#2 C:\xampp\htdocs\yii\framework\web\widgets\COutputProcessor.php(44): CContentDecorator->processOutput()
#3 C:\xampp\htdocs\yii\framework\web\CBaseController.php(206): CContentDecorator->run()
#4 C:\xampp\htdocs\yii\framework\web\CBaseController.php(300): SiteController->endWidget()
#5 C:\xampp\htdocs\SysAdd\protected\views\layouts\column1.php(6): SiteController->endContent()
#6 C:\xampp\htdocs\yii\framework\web\CBaseController.php(126): require()
#7 C:\xampp\htdocs\yii\framework\web\CBaseController.php(95): SiteController->renderInternal()
#8 C:\xampp\htdocs\yii\framework\web\CController.php(784): SiteController->renderFile()
#9 C:\xampp\htdocs\SysAdd\protected\controllers\SiteController.php(32): SiteController->render()
#10 C:\xampp\htdocs\yii\framework\web\actions\CInlineAction.php(49): SiteController->actionIndex()
#11 C:\xampp\htdocs\yii\framework\web\CController.php(308): CInlineAction->runWithParams()
#12 C:\xampp\htdocs\yii\framework\web\CController.php(286): SiteController->runAction()
#13 C:\xampp\htdocs\yii\framework\web\CController.php(265): SiteController->runActionWithFilters()
#14 C:\xampp\htdocs\yii\framework\web\CWebApplication.php(282): SiteController->run()
#15 C:\xampp\htdocs\yii\framework\web\CWebApplication.php(141): CWebApplication->runController()
#16 C:\xampp\htdocs\yii\framework\base\CApplication.php(180): CWebApplication->processRequest()
#17 C:\xampp\htdocs\SysAdd\index.php(13): CWebApplication->run()
REQUEST_URI=/SysAdd/index.php?r=site/index
in C:\xampp\htdocs\SysAdd\protected\views\layouts\main.php (9)
in C:\xampp\htdocs\SysAdd\protected\views\layouts\column1.php (6)
in C:\xampp\htdocs\SysAdd\protected\controllers\SiteController.php (32)
2013/09/03 18:37:42 [error] [php] Trying to get property of non-object (C:\xampp\htdocs\SysAdd\protected\views\layouts\main.php:9)
Stack trace:
#0 C:\xampp\htdocs\yii\framework\web\widgets\CContentDecorator.php(76): SiteController->renderFile()
#1 C:\xampp\htdocs\yii\framework\web\widgets\CContentDecorator.php(54): CContentDecorator->decorate()
#2 C:\xampp\htdocs\yii\framework\web\widgets\COutputProcessor.php(44): CContentDecorator->processOutput()
#3 C:\xampp\htdocs\yii\framework\web\CBaseController.php(206): CContentDecorator->run()
#4 C:\xampp\htdocs\yii\framework\web\CBaseController.php(300): SiteController->endWidget()
#5 C:\xampp\htdocs\SysAdd\protected\views\layouts\column1.php(6): SiteController->endContent()
#6 C:\xampp\htdocs\yii\framework\web\CBaseController.php(126): require()
#7 C:\xampp\htdocs\yii\framework\web\CBaseController.php(95): SiteController->renderInternal()
#8 C:\xampp\htdocs\yii\framework\web\CController.php(784): SiteController->renderFile()
#9 C:\xampp\htdocs\SysAdd\protected\controllers\SiteController.php(32): SiteController->render()
#10 C:\xampp\htdocs\yii\framework\web\actions\CInlineAction.php(49): SiteController->actionIndex()
#11 C:\xampp\htdocs\yii\framework\web\CController.php(308): CInlineAction->runWithParams()
#12 C:\xampp\htdocs\yii\framework\web\CController.php(286): SiteController->runAction()
#13 C:\xampp\htdocs\yii\framework\web\CController.php(265): SiteController->runActionWithFilters()
#14 C:\xampp\htdocs\yii\framework\web\CWebApplication.php(282): SiteController->run()
#15 C:\xampp\htdocs\yii\framework\web\CWebApplication.php(141): CWebApplication->runController()
#16 C:\xampp\htdocs\yii\framework\base\CApplication.php(180): CWebApplication->processRequest()
#17 C:\xampp\htdocs\SysAdd\index.php(13): CWebApplication->run()
REQUEST_URI=/SysAdd/index.php?r=site/index
in C:\xampp\htdocs\SysAdd\protected\views\layouts\main.php (9)
in C:\xampp\htdocs\SysAdd\protected\views\layouts\column1.php (6)
in C:\xampp\htdocs\SysAdd\protected\controllers\SiteController.php (32)
2013/09/03 19:31:17 [error] [system.db.CDbCommand] CDbCommand::fetchAll() failed: SQLSTATE[42S02]: Base table or view not found: 1146 Table 'forestall amrts.comission' doesn't exist. The SQL statement executed was: SHOW FULL COLUMNS FROM `comission`.
in C:\xampp\htdocs\SysAdd\index.php (13)
2013/09/03 19:59:43 [error] [exception.CException] exception 'CException' with message 'Property "Applicant.Last Name" is not defined.' in C:\xampp\htdocs\yii\framework\base\CComponent.php:130
Stack trace:
#0 C:\xampp\htdocs\yii\framework\db\ar\CActiveRecord.php(145): CComponent->__get('Last Name')
#1 C:\xampp\htdocs\yii\framework\web\helpers\CHtml.php(2529): CActiveRecord->__get('Last Name')
#2 C:\xampp\htdocs\yii\framework\web\helpers\CHtml.php(2252): CHtml::resolveValue(Object(Applicant), 'Last Name')
#3 C:\xampp\htdocs\yii\framework\web\helpers\CHtml.php(1434): CHtml::activeInputField('text', Object(Applicant), 'Last Name', Array)
#4 C:\xampp\htdocs\yii\framework\web\widgets\CActiveForm.php(725): CHtml::activeTextField(Object(Applicant), 'Last Name', Array)
#5 C:\xampp\htdocs\SysAdd\protected\views\applicant\_form.php(24): CActiveForm->textField(Object(Applicant), 'Last Name', Array)
#6 C:\xampp\htdocs\yii\framework\web\CBaseController.php(126): require('C:\xampp\htdocs...')
#7 C:\xampp\htdocs\yii\framework\web\CBaseController.php(95): CBaseController->renderInternal('C:\xampp\htdocs...', Array, true)
#8 C:\xampp\htdocs\yii\framework\web\CController.php(869): CBaseController->renderFile('C:\xampp\htdocs...', Array, true)
#9 C:\xampp\htdocs\SysAdd\protected\views\applicant\create.php(18): CController->renderPartial('_form', Array)
#10 C:\xampp\htdocs\yii\framework\web\CBaseController.php(126): require('C:\xampp\htdocs...')
#11 C:\xampp\htdocs\yii\framework\web\CBaseController.php(95): CBaseController->renderInternal('C:\xampp\htdocs...', Array, true)
#12 C:\xampp\htdocs\yii\framework\web\CController.php(869): CBaseController->renderFile('C:\xampp\htdocs...', Array, true)
#13 C:\xampp\htdocs\yii\framework\web\CController.php(782): CController->renderPartial('create', Array, true)
#14 C:\xampp\htdocs\SysAdd\protected\controllers\ApplicantController.php(79): CController->render('create', Array)
#15 C:\xampp\htdocs\yii\framework\web\actions\CInlineAction.php(49): ApplicantController->actionCreate()
#16 C:\xampp\htdocs\yii\framework\web\CController.php(308): CInlineAction->runWithParams(Array)
#17 C:\xampp\htdocs\yii\framework\web\filters\CFilterChain.php(133): CController->runAction(Object(CInlineAction))
#18 C:\xampp\htdocs\yii\framework\web\filters\CFilter.php(40): CFilterChain->run()
#19 C:\xampp\htdocs\yii\framework\web\CController.php(1145): CFilter->filter(Object(CFilterChain))
#20 C:\xampp\htdocs\yii\framework\web\filters\CInlineFilter.php(58): CController->filterAccessControl(Object(CFilterChain))
#21 C:\xampp\htdocs\yii\framework\web\filters\CFilterChain.php(130): CInlineFilter->filter(Object(CFilterChain))
#22 C:\xampp\htdocs\yii\framework\web\CController.php(291): CFilterChain->run()
#23 C:\xampp\htdocs\yii\framework\web\CController.php(265): CController->runActionWithFilters(Object(CInlineAction), Array)
#24 C:\xampp\htdocs\yii\framework\web\CWebApplication.php(282): CController->run('create')
#25 C:\xampp\htdocs\yii\framework\web\CWebApplication.php(141): CWebApplication->runController('applicant/creat...')
#26 C:\xampp\htdocs\yii\framework\base\CApplication.php(180): CWebApplication->processRequest()
#27 C:\xampp\htdocs\SysAdd\index.php(13): CApplication->run()
#28 {main}
REQUEST_URI=/SysAdd/index.php?r=applicant/create
HTTP_REFERER=http://localhost/SysAdd/index.php?r=applicant/admin
---
2013/09/03 20:00:33 [error] [exception.CException] exception 'CException' with message 'Property "Applicant.Last Name" is not defined.' in C:\xampp\htdocs\yii\framework\base\CComponent.php:130
Stack trace:
#0 C:\xampp\htdocs\yii\framework\db\ar\CActiveRecord.php(145): CComponent->__get('Last Name')
#1 C:\xampp\htdocs\yii\framework\web\helpers\CHtml.php(2529): CActiveRecord->__get('Last Name')
#2 C:\xampp\htdocs\yii\framework\web\helpers\CHtml.php(2252): CHtml::resolveValue(Object(Applicant), 'Last Name')
#3 C:\xampp\htdocs\yii\framework\web\helpers\CHtml.php(1434): CHtml::activeInputField('text', Object(Applicant), 'Last Name', Array)
#4 C:\xampp\htdocs\yii\framework\web\widgets\CActiveForm.php(725): CHtml::activeTextField(Object(Applicant), 'Last Name', Array)
#5 C:\xampp\htdocs\SysAdd\protected\views\applicant\_form.php(24): CActiveForm->textField(Object(Applicant), 'Last Name', Array)
#6 C:\xampp\htdocs\yii\framework\web\CBaseController.php(126): require('C:\xampp\htdocs...')
#7 C:\xampp\htdocs\yii\framework\web\CBaseController.php(95): CBaseController->renderInternal('C:\xampp\htdocs...', Array, true)
#8 C:\xampp\htdocs\yii\framework\web\CController.php(869): CBaseController->renderFile('C:\xampp\htdocs...', Array, true)
#9 C:\xampp\htdocs\SysAdd\protected\views\applicant\create.php(18): CController->renderPartial('_form', Array)
#10 C:\xampp\htdocs\yii\framework\web\CBaseController.php(126): require('C:\xampp\htdocs...')
#11 C:\xampp\htdocs\yii\framework\web\CBaseController.php(95): CBaseController->renderInternal('C:\xampp\htdocs...', Array, true)
#12 C:\xampp\htdocs\yii\framework\web\CController.php(869): CBaseController->renderFile('C:\xampp\htdocs...', Array, true)
#13 C:\xampp\htdocs\yii\framework\web\CController.php(782): CController->renderPartial('create', Array, true)
#14 C:\xampp\htdocs\SysAdd\protected\controllers\ApplicantController.php(79): CController->render('create', Array)
#15 C:\xampp\htdocs\yii\framework\web\actions\CInlineAction.php(49): ApplicantController->actionCreate()
#16 C:\xampp\htdocs\yii\framework\web\CController.php(308): CInlineAction->runWithParams(Array)
#17 C:\xampp\htdocs\yii\framework\web\filters\CFilterChain.php(133): CController->runAction(Object(CInlineAction))
#18 C:\xampp\htdocs\yii\framework\web\filters\CFilter.php(40): CFilterChain->run()
#19 C:\xampp\htdocs\yii\framework\web\CController.php(1145): CFilter->filter(Object(CFilterChain))
#20 C:\xampp\htdocs\yii\framework\web\filters\CInlineFilter.php(58): CController->filterAccessControl(Object(CFilterChain))
#21 C:\xampp\htdocs\yii\framework\web\filters\CFilterChain.php(130): CInlineFilter->filter(Object(CFilterChain))
#22 C:\xampp\htdocs\yii\framework\web\CController.php(291): CFilterChain->run()
#23 C:\xampp\htdocs\yii\framework\web\CController.php(265): CController->runActionWithFilters(Object(CInlineAction), Array)
#24 C:\xampp\htdocs\yii\framework\web\CWebApplication.php(282): CController->run('create')
#25 C:\xampp\htdocs\yii\framework\web\CWebApplication.php(141): CWebApplication->runController('applicant/creat...')
#26 C:\xampp\htdocs\yii\framework\base\CApplication.php(180): CWebApplication->processRequest()
#27 C:\xampp\htdocs\SysAdd\index.php(13): CApplication->run()
#28 {main}
REQUEST_URI=/SysAdd/index.php?r=applicant/create
HTTP_REFERER=http://localhost/SysAdd/index.php?r=Applicant
---
2013/09/03 20:05:38 [error] [exception.CException] exception 'CException' with message 'Property "Applicant.ID" is not defined.' in C:\xampp\htdocs\yii\framework\base\CComponent.php:130
Stack trace:
#0 C:\xampp\htdocs\yii\framework\db\ar\CActiveRecord.php(145): CComponent->__get('ID')
#1 C:\xampp\htdocs\yii\framework\web\helpers\CHtml.php(2529): CActiveRecord->__get('ID')
#2 C:\xampp\htdocs\yii\framework\web\helpers\CHtml.php(2252): CHtml::resolveValue(Object(Applicant), 'ID')
#3 C:\xampp\htdocs\yii\framework\web\helpers\CHtml.php(1434): CHtml::activeInputField('text', Object(Applicant), 'ID', Array)
#4 C:\xampp\htdocs\yii\framework\web\widgets\CActiveForm.php(725): CHtml::activeTextField(Object(Applicant), 'ID', Array)
#5 C:\xampp\htdocs\SysAdd\protected\views\applicant\_search.php(16): CActiveForm->textField(Object(Applicant), 'ID')
#6 C:\xampp\htdocs\yii\framework\web\CBaseController.php(126): require('C:\xampp\htdocs...')
#7 C:\xampp\htdocs\yii\framework\web\CBaseController.php(95): CBaseController->renderInternal('C:\xampp\htdocs...', Array, true)
#8 C:\xampp\htdocs\yii\framework\web\CController.php(869): CBaseController->renderFile('C:\xampp\htdocs...', Array, true)
#9 C:\xampp\htdocs\SysAdd\protected\views\applicant\admin.php(40): CController->renderPartial('_search', Array)
#10 C:\xampp\htdocs\yii\framework\web\CBaseController.php(126): require('C:\xampp\htdocs...')
#11 C:\xampp\htdocs\yii\framework\web\CBaseController.php(95): CBaseController->renderInternal('C:\xampp\htdocs...', Array, true)
#12 C:\xampp\htdocs\yii\framework\web\CController.php(869): CBaseController->renderFile('C:\xampp\htdocs...', Array, true)
#13 C:\xampp\htdocs\yii\framework\web\CController.php(782): CController->renderPartial('admin', Array, true)
#14 C:\xampp\htdocs\SysAdd\protected\controllers\ApplicantController.php(143): CController->render('admin', Array)
#15 C:\xampp\htdocs\yii\framework\web\actions\CInlineAction.php(49): ApplicantController->actionAdmin()
#16 C:\xampp\htdocs\yii\framework\web\CController.php(308): CInlineAction->runWithParams(Array)
#17 C:\xampp\htdocs\yii\framework\web\filters\CFilterChain.php(133): CController->runAction(Object(CInlineAction))
#18 C:\xampp\htdocs\yii\framework\web\filters\CFilter.php(40): CFilterChain->run()
#19 C:\xampp\htdocs\yii\framework\web\CController.php(1145): CFilter->filter(Object(CFilterChain))
#20 C:\xampp\htdocs\yii\framework\web\filters\CInlineFilter.php(58): CController->filterAccessControl(Object(CFilterChain))
#21 C:\xampp\htdocs\yii\framework\web\filters\CFilterChain.php(130): CInlineFilter->filter(Object(CFilterChain))
#22 C:\xampp\htdocs\yii\framework\web\CController.php(291): CFilterChain->run()
#23 C:\xampp\htdocs\yii\framework\web\CController.php(265): CController->runActionWithFilters(Object(CInlineAction), Array)
#24 C:\xampp\htdocs\yii\framework\web\CWebApplication.php(282): CController->run('admin')
#25 C:\xampp\htdocs\yii\framework\web\CWebApplication.php(141): CWebApplication->runController('applicant/admin')
#26 C:\xampp\htdocs\yii\framework\base\CApplication.php(180): CWebApplication->processRequest()
#27 C:\xampp\htdocs\SysAdd\index.php(13): CApplication->run()
#28 {main}
REQUEST_URI=/SysAdd/index.php?r=applicant/admin
HTTP_REFERER=http://localhost/SysAdd/index.php?r=applicant/index
---
2013/09/03 20:26:53 [error] [php] Undefined variable: links (C:\xampp\htdocs\SysAdd\protected\views\site\index.php:50)
Stack trace:
#0 C:\xampp\htdocs\yii\framework\web\CController.php(869): SiteController->renderFile()
#1 C:\xampp\htdocs\yii\framework\web\CController.php(782): SiteController->renderPartial()
#2 C:\xampp\htdocs\SysAdd\protected\controllers\SiteController.php(32): SiteController->render()
#3 C:\xampp\htdocs\yii\framework\web\actions\CInlineAction.php(49): SiteController->actionIndex()
#4 C:\xampp\htdocs\yii\framework\web\CController.php(308): CInlineAction->runWithParams()
#5 C:\xampp\htdocs\yii\framework\web\CController.php(286): SiteController->runAction()
#6 C:\xampp\htdocs\yii\framework\web\CController.php(265): SiteController->runActionWithFilters()
#7 C:\xampp\htdocs\yii\framework\web\CWebApplication.php(282): SiteController->run()
#8 C:\xampp\htdocs\yii\framework\web\CWebApplication.php(141): CWebApplication->runController()
#9 C:\xampp\htdocs\yii\framework\base\CApplication.php(180): CWebApplication->processRequest()
#10 C:\xampp\htdocs\SysAdd\index.php(13): CWebApplication->run()
REQUEST_URI=/SysAdd/index.php?r=site/index
in C:\xampp\htdocs\SysAdd\protected\views\site\index.php (50)
in C:\xampp\htdocs\SysAdd\protected\controllers\SiteController.php (32)
in C:\xampp\htdocs\SysAdd\index.php (13)
2013/09/03 20:27:26 [error] [php] Undefined variable: i (C:\xampp\htdocs\SysAdd\protected\views\site\index.php:62)
Stack trace:
#0 C:\xampp\htdocs\yii\framework\web\CController.php(869): SiteController->renderFile()
#1 C:\xampp\htdocs\yii\framework\web\CController.php(782): SiteController->renderPartial()
#2 C:\xampp\htdocs\SysAdd\protected\controllers\SiteController.php(32): SiteController->render()
#3 C:\xampp\htdocs\yii\framework\web\actions\CInlineAction.php(49): SiteController->actionIndex()
#4 C:\xampp\htdocs\yii\framework\web\CController.php(308): CInlineAction->runWithParams()
#5 C:\xampp\htdocs\yii\framework\web\CController.php(286): SiteController->runAction()
#6 C:\xampp\htdocs\yii\framework\web\CController.php(265): SiteController->runActionWithFilters()
#7 C:\xampp\htdocs\yii\framework\web\CWebApplication.php(282): SiteController->run()
#8 C:\xampp\htdocs\yii\framework\web\CWebApplication.php(141): CWebApplication->runController()
#9 C:\xampp\htdocs\yii\framework\base\CApplication.php(180): CWebApplication->processRequest()
#10 C:\xampp\htdocs\SysAdd\index.php(13): CWebApplication->run()
REQUEST_URI=/SysAdd/index.php?r=site/index
in C:\xampp\htdocs\SysAdd\protected\views\site\index.php (62)
in C:\xampp\htdocs\SysAdd\protected\controllers\SiteController.php (32)
in C:\xampp\htdocs\SysAdd\index.php (13)
2013/09/03 20:38:17 [error] [php] include(Tabs.php): failed to open stream: No such file or directory (C:\xampp\htdocs\yii\framework\YiiBase.php:427)
Stack trace:
#0 C:\xampp\htdocs\SysAdd\protected\views\site\index.php(23): spl_autoload_call()
#1 C:\xampp\htdocs\yii\framework\web\CBaseController.php(126): require()
#2 C:\xampp\htdocs\yii\framework\web\CBaseController.php(95): SiteController->renderInternal()
#3 C:\xampp\htdocs\yii\framework\web\CController.php(869): SiteController->renderFile()
#4 C:\xampp\htdocs\yii\framework\web\CController.php(782): SiteController->renderPartial()
#5 C:\xampp\htdocs\SysAdd\protected\controllers\SiteController.php(32): SiteController->render()
#6 C:\xampp\htdocs\yii\framework\web\actions\CInlineAction.php(49): SiteController->actionIndex()
#7 C:\xampp\htdocs\yii\framework\web\CController.php(308): CInlineAction->runWithParams()
#8 C:\xampp\htdocs\yii\framework\web\CController.php(286): SiteController->runAction()
#9 C:\xampp\htdocs\yii\framework\web\CController.php(265): SiteController->runActionWithFilters()
#10 C:\xampp\htdocs\yii\framework\web\CWebApplication.php(282): SiteController->run()
#11 C:\xampp\htdocs\yii\framework\web\CWebApplication.php(141): CWebApplication->runController()
#12 C:\xampp\htdocs\yii\framework\base\CApplication.php(180): CWebApplication->processRequest()
#13 C:\xampp\htdocs\SysAdd\index.php(13): CWebApplication->run()
REQUEST_URI=/SysAdd/index.php?r=site/index
in C:\xampp\htdocs\SysAdd\protected\views\site\index.php (23)
in C:\xampp\htdocs\SysAdd\protected\controllers\SiteController.php (32)
in C:\xampp\htdocs\SysAdd\index.php (13)
2013/09/03 20:39:02 [error] [php] include(KoolTabs.php): failed to open stream: No such file or directory (C:\xampp\htdocs\yii\framework\YiiBase.php:427)
Stack trace:
#0 C:\xampp\htdocs\SysAdd\protected\views\site\index.php(23): spl_autoload_call()
#1 C:\xampp\htdocs\yii\framework\web\CBaseController.php(126): require()
#2 C:\xampp\htdocs\yii\framework\web\CBaseController.php(95): SiteController->renderInternal()
#3 C:\xampp\htdocs\yii\framework\web\CController.php(869): SiteController->renderFile()
#4 C:\xampp\htdocs\yii\framework\web\CController.php(782): SiteController->renderPartial()
#5 C:\xampp\htdocs\SysAdd\protected\controllers\SiteController.php(32): SiteController->render()
#6 C:\xampp\htdocs\yii\framework\web\actions\CInlineAction.php(49): SiteController->actionIndex()
#7 C:\xampp\htdocs\yii\framework\web\CController.php(308): CInlineAction->runWithParams()
#8 C:\xampp\htdocs\yii\framework\web\CController.php(286): SiteController->runAction()
#9 C:\xampp\htdocs\yii\framework\web\CController.php(265): SiteController->runActionWithFilters()
#10 C:\xampp\htdocs\yii\framework\web\CWebApplication.php(282): SiteController->run()
#11 C:\xampp\htdocs\yii\framework\web\CWebApplication.php(141): CWebApplication->runController()
#12 C:\xampp\htdocs\yii\framework\base\CApplication.php(180): CWebApplication->processRequest()
#13 C:\xampp\htdocs\SysAdd\index.php(13): CWebApplication->run()
REQUEST_URI=/SysAdd/index.php?r=site/index
in C:\xampp\htdocs\SysAdd\protected\views\site\index.php (23)
in C:\xampp\htdocs\SysAdd\protected\controllers\SiteController.php (32)
in C:\xampp\htdocs\SysAdd\index.php (13)
2013/10/25 06:33:02 [error] [exception.CDbException] exception 'CDbException' with message 'CDbConnection failed to open the DB connection: SQLSTATE[HY000] [1049] Unknown database 'forestall amrts'' in C:\xampp\htdocs\yii\framework\db\CDbConnection.php:381
Stack trace:
#0 C:\xampp\htdocs\yii\framework\db\CDbConnection.php(330): CDbConnection->open()
#1 C:\xampp\htdocs\yii\framework\db\CDbConnection.php(308): CDbConnection->setActive(true)
#2 C:\xampp\htdocs\yii\framework\base\CModule.php(387): CDbConnection->init()
#3 C:\xampp\htdocs\yii\framework\base\CApplication.php(438): CModule->getComponent('db')
#4 C:\xampp\htdocs\yii\framework\db\ar\CActiveRecord.php(623): CApplication->getDb()
#5 C:\xampp\htdocs\yii\framework\db\ar\CActiveRecord.php(2309): CActiveRecord->getDbConnection()
#6 C:\xampp\htdocs\yii\framework\db\ar\CActiveRecord.php(387): CActiveRecordMetaData->__construct(Object(Policy))
#7 C:\xampp\htdocs\yii\framework\web\CActiveDataProvider.php(74): CActiveRecord::model('Policy')
#8 C:\Users\student\Documents\apc-forestall-amrts\application\yiiamrts\protected\controllers\PolicyController.php(125): CActiveDataProvider->__construct('Policy')
#9 C:\xampp\htdocs\yii\framework\web\actions\CInlineAction.php(49): PolicyController->actionIndex()
#10 C:\xampp\htdocs\yii\framework\web\CController.php(308): CInlineAction->runWithParams(Array)
#11 C:\xampp\htdocs\yii\framework\web\filters\CFilterChain.php(133): CController->runAction(Object(CInlineAction))
#12 C:\xampp\htdocs\yii\framework\web\filters\CFilter.php(40): CFilterChain->run()
#13 C:\xampp\htdocs\yii\framework\web\CController.php(1145): CFilter->filter(Object(CFilterChain))
#14 C:\xampp\htdocs\yii\framework\web\filters\CInlineFilter.php(58): CController->filterAccessControl(Object(CFilterChain))
#15 C:\xampp\htdocs\yii\framework\web\filters\CFilterChain.php(130): CInlineFilter->filter(Object(CFilterChain))
#16 C:\xampp\htdocs\yii\framework\web\CController.php(291): CFilterChain->run()
#17 C:\xampp\htdocs\yii\framework\web\CController.php(265): CController->runActionWithFilters(Object(CInlineAction), Array)
#18 C:\xampp\htdocs\yii\framework\web\CWebApplication.php(282): CController->run('')
#19 C:\xampp\htdocs\yii\framework\web\CWebApplication.php(141): CWebApplication->runController('Policy')
#20 C:\xampp\htdocs\yii\framework\base\CApplication.php(169): CWebApplication->processRequest()
#21 C:\Users\student\Documents\apc-forestall-amrts\application\yiiamrts\index.php(13): CApplication->run()
#22 {main}
REQUEST_URI=/yiiamrts/index.php/Policy
HTTP_REFERER=http://localhost/yiiamrts/index.php
---
2013/10/25 06:34:57 [error] [exception.CDbException] exception 'CDbException' with message 'CDbConnection failed to open the DB connection: SQLSTATE[HY000] [1049] Unknown database 'forestall amrts'' in C:\xampp\htdocs\yii\framework\db\CDbConnection.php:381
Stack trace:
#0 C:\xampp\htdocs\yii\framework\db\CDbConnection.php(330): CDbConnection->open()
#1 C:\xampp\htdocs\yii\framework\db\CDbConnection.php(308): CDbConnection->setActive(true)
#2 C:\xampp\htdocs\yii\framework\base\CModule.php(387): CDbConnection->init()
#3 C:\xampp\htdocs\yii\framework\base\CModule.php(103): CModule->getComponent('db')
#4 C:\xampp\htdocs\yii\framework\gii\generators\crud\CrudCode.php(44): CModule->__get('db')
#5 C:\xampp\htdocs\yii\framework\web\CFormModel.php(39): CrudCode->init()
#6 C:\xampp\htdocs\yii\framework\gii\CCodeGenerator.php(153): CFormModel->__construct()
#7 C:\xampp\htdocs\yii\framework\gii\CCodeGenerator.php(63): CCodeGenerator->prepare()
#8 C:\xampp\htdocs\yii\framework\web\actions\CInlineAction.php(49): CCodeGenerator->actionIndex()
#9 C:\xampp\htdocs\yii\framework\web\CController.php(308): CInlineAction->runWithParams(Array)
#10 C:\xampp\htdocs\yii\framework\web\CController.php(286): CController->runAction(Object(CInlineAction))
#11 C:\xampp\htdocs\yii\framework\web\CController.php(265): CController->runActionWithFilters(Object(CInlineAction), Array)
#12 C:\xampp\htdocs\yii\framework\web\CWebApplication.php(282): CController->run('')
#13 C:\xampp\htdocs\yii\framework\web\CWebApplication.php(141): CWebApplication->runController('gii/crud')
#14 C:\xampp\htdocs\yii\framework\base\CApplication.php(169): CWebApplication->processRequest()
#15 C:\Users\student\Documents\apc-forestall-amrts\application\yiiamrts\index.php(13): CApplication->run()
#16 {main}
REQUEST_URI=/yiiamrts/index.php/gii/crud
HTTP_REFERER=http://localhost/yiiamrts/index.php/gii/default/index
---
2013/10/25 06:35:11 [error] [exception.CDbException] exception 'CDbException' with message 'CDbConnection failed to open the DB connection: SQLSTATE[HY000] [1049] Unknown database 'forestall amrts'' in C:\xampp\htdocs\yii\framework\db\CDbConnection.php:381
Stack trace:
#0 C:\xampp\htdocs\yii\framework\db\CDbConnection.php(330): CDbConnection->open()
#1 C:\xampp\htdocs\yii\framework\db\CDbConnection.php(308): CDbConnection->setActive(true)
#2 C:\xampp\htdocs\yii\framework\base\CModule.php(387): CDbConnection->init()
#3 C:\xampp\htdocs\yii\framework\base\CModule.php(103): CModule->getComponent('db')
#4 C:\xampp\htdocs\yii\framework\gii\generators\model\ModelCode.php(57): CModule->__get('db')
#5 C:\xampp\htdocs\yii\framework\web\CFormModel.php(39): ModelCode->init()
#6 C:\xampp\htdocs\yii\framework\gii\CCodeGenerator.php(153): CFormModel->__construct()
#7 C:\xampp\htdocs\yii\framework\gii\CCodeGenerator.php(63): CCodeGenerator->prepare()
#8 C:\xampp\htdocs\yii\framework\web\actions\CInlineAction.php(49): CCodeGenerator->actionIndex()
#9 C:\xampp\htdocs\yii\framework\web\CController.php(308): CInlineAction->runWithParams(Array)
#10 C:\xampp\htdocs\yii\framework\web\CController.php(286): CController->runAction(Object(CInlineAction))
#11 C:\xampp\htdocs\yii\framework\web\CController.php(265): CController->runActionWithFilters(Object(CInlineAction), Array)
#12 C:\xampp\htdocs\yii\framework\web\CWebApplication.php(282): CController->run('')
#13 C:\xampp\htdocs\yii\framework\web\CWebApplication.php(141): CWebApplication->runController('gii/model')
#14 C:\xampp\htdocs\yii\framework\base\CApplication.php(169): CWebApplication->processRequest()
#15 C:\Users\student\Documents\apc-forestall-amrts\application\yiiamrts\index.php(13): CApplication->run()
#16 {main}
REQUEST_URI=/yiiamrts/index.php/gii/model
HTTP_REFERER=http://localhost/yiiamrts/index.php/gii/default/index
---
2013/10/25 06:35:15 [error] [exception.CDbException] exception 'CDbException' with message 'CDbConnection failed to open the DB connection: SQLSTATE[HY000] [1049] Unknown database 'forestall amrts'' in C:\xampp\htdocs\yii\framework\db\CDbConnection.php:381
Stack trace:
#0 C:\xampp\htdocs\yii\framework\db\CDbConnection.php(330): CDbConnection->open()
#1 C:\xampp\htdocs\yii\framework\db\CDbConnection.php(308): CDbConnection->setActive(true)
#2 C:\xampp\htdocs\yii\framework\base\CModule.php(387): CDbConnection->init()
#3 C:\xampp\htdocs\yii\framework\base\CModule.php(103): CModule->getComponent('db')
#4 C:\xampp\htdocs\yii\framework\gii\generators\crud\CrudCode.php(44): CModule->__get('db')
#5 C:\xampp\htdocs\yii\framework\web\CFormModel.php(39): CrudCode->init()
#6 C:\xampp\htdocs\yii\framework\gii\CCodeGenerator.php(153): CFormModel->__construct()
#7 C:\xampp\htdocs\yii\framework\gii\CCodeGenerator.php(63): CCodeGenerator->prepare()
#8 C:\xampp\htdocs\yii\framework\web\actions\CInlineAction.php(49): CCodeGenerator->actionIndex()
#9 C:\xampp\htdocs\yii\framework\web\CController.php(308): CInlineAction->runWithParams(Array)
#10 C:\xampp\htdocs\yii\framework\web\CController.php(286): CController->runAction(Object(CInlineAction))
#11 C:\xampp\htdocs\yii\framework\web\CController.php(265): CController->runActionWithFilters(Object(CInlineAction), Array)
#12 C:\xampp\htdocs\yii\framework\web\CWebApplication.php(282): CController->run('')
#13 C:\xampp\htdocs\yii\framework\web\CWebApplication.php(141): CWebApplication->runController('gii/crud')
#14 C:\xampp\htdocs\yii\framework\base\CApplication.php(169): CWebApplication->processRequest()
#15 C:\Users\student\Documents\apc-forestall-amrts\application\yiiamrts\index.php(13): CApplication->run()
#16 {main}
REQUEST_URI=/yiiamrts/index.php/gii/crud
HTTP_REFERER=http://localhost/yiiamrts/index.php/gii/default/index
---
2013/10/25 06:35:44 [error] [exception.CDbException] exception 'CDbException' with message 'CDbConnection failed to open the DB connection: SQLSTATE[HY000] [1049] Unknown database 'forestall amrts'' in C:\xampp\htdocs\yii\framework\db\CDbConnection.php:381
Stack trace:
#0 C:\xampp\htdocs\yii\framework\db\CDbConnection.php(330): CDbConnection->open()
#1 C:\xampp\htdocs\yii\framework\db\CDbConnection.php(308): CDbConnection->setActive(true)
#2 C:\xampp\htdocs\yii\framework\base\CModule.php(387): CDbConnection->init()
#3 C:\xampp\htdocs\yii\framework\base\CModule.php(103): CModule->getComponent('db')
#4 C:\xampp\htdocs\yii\framework\gii\generators\crud\CrudCode.php(44): CModule->__get('db')
#5 C:\xampp\htdocs\yii\framework\web\CFormModel.php(39): CrudCode->init()
#6 C:\xampp\htdocs\yii\framework\gii\CCodeGenerator.php(153): CFormModel->__construct()
#7 C:\xampp\htdocs\yii\framework\gii\CCodeGenerator.php(63): CCodeGenerator->prepare()
#8 C:\xampp\htdocs\yii\framework\web\actions\CInlineAction.php(49): CCodeGenerator->actionIndex()
#9 C:\xampp\htdocs\yii\framework\web\CController.php(308): CInlineAction->runWithParams(Array)
#10 C:\xampp\htdocs\yii\framework\web\CController.php(286): CController->runAction(Object(CInlineAction))
#11 C:\xampp\htdocs\yii\framework\web\CController.php(265): CController->runActionWithFilters(Object(CInlineAction), Array)
#12 C:\xampp\htdocs\yii\framework\web\CWebApplication.php(282): CController->run('')
#13 C:\xampp\htdocs\yii\framework\web\CWebApplication.php(141): CWebApplication->runController('gii/crud')
#14 C:\xampp\htdocs\yii\framework\base\CApplication.php(169): CWebApplication->processRequest()
#15 C:\Users\student\Documents\apc-forestall-amrts\application\yiiamrts\index.php(13): CApplication->run()
#16 {main}
REQUEST_URI=/yiiamrts/index.php/gii/crud
HTTP_REFERER=http://localhost/yiiamrts/index.php/gii/default/index
---
