2013/10/29 08:15:33 [error] [php] include(Departments.php): failed to open stream: No such file or directory (C:\xampp\htdocs\yii\framework\YiiBase.php:421)
Stack trace:
#0 C:\Users\student\Documents\csproj2_IT113\git_midterm_test\apc-forestall-amrts\documentation\Resuello_Nikkie_Marie_midterms\ourspace\protected\views\mycomment\_form.php(21): spl_autoload_call()
#1 C:\xampp\htdocs\yii\framework\web\CBaseController.php(126): require()
#2 C:\xampp\htdocs\yii\framework\web\CBaseController.php(95): MycommentController->renderInternal()
#3 C:\xampp\htdocs\yii\framework\web\CController.php(869): MycommentController->renderFile()
#4 C:\Users\student\Documents\csproj2_IT113\git_midterm_test\apc-forestall-amrts\documentation\Resuello_Nikkie_Marie_midterms\ourspace\protected\views\mycomment\create.php(18): MycommentController->renderPartial()
#5 C:\xampp\htdocs\yii\framework\web\CBaseController.php(126): require()
#6 C:\xampp\htdocs\yii\framework\web\CBaseController.php(95): MycommentController->renderInternal()
#7 C:\xampp\htdocs\yii\framework\web\CController.php(869): MycommentController->renderFile()
#8 C:\xampp\htdocs\yii\framework\web\CController.php(782): MycommentController->renderPartial()
#9 C:\Users\student\Documents\csproj2_IT113\git_midterm_test\apc-forestall-amrts\documentation\Resuello_Nikkie_Marie_midterms\ourspace\protected\controllers\MycommentController.php(79): MycommentController->render()
#10 C:\xampp\htdocs\yii\framework\web\actions\CInlineAction.php(49): MycommentController->actionCreate()
#11 C:\xampp\htdocs\yii\framework\web\CController.php(308): CInlineAction->runWithParams()
#12 C:\xampp\htdocs\yii\framework\web\filters\CFilterChain.php(133): MycommentController->runAction()
#13 C:\xampp\htdocs\yii\framework\web\filters\CFilter.php(40): CFilterChain->run()
#14 C:\xampp\htdocs\yii\framework\web\CController.php(1145): CAccessControlFilter->filter()
#15 C:\xampp\htdocs\yii\framework\web\filters\CInlineFilter.php(58): MycommentController->filterAccessControl()
#16 C:\xampp\htdocs\yii\framework\web\filters\CFilterChain.php(130): CInlineFilter->filter()
#17 C:\xampp\htdocs\yii\framework\web\CController.php(291): CFilterChain->run()
#18 C:\xampp\htdocs\yii\framework\web\CController.php(265): MycommentController->runActionWithFilters()
#19 C:\xampp\htdocs\yii\framework\web\CWebApplication.php(282): MycommentController->run()
#20 C:\xampp\htdocs\yii\framework\web\CWebApplication.php(141): CWebApplication->runController()
#21 C:\xampp\htdocs\yii\framework\base\CApplication.php(169): CWebApplication->processRequest()
#22 C:\Users\student\Documents\csproj2_IT113\git_midterm_test\apc-forestall-amrts\documentation\Resuello_Nikkie_Marie_midterms\ourspace\index.php(13): CWebApplication->run()
REQUEST_URI=/csproj2_resuello_nikkie_marie_midterms/ourspace/index.php/mycomment/create
in C:\Users\student\Documents\csproj2_IT113\git_midterm_test\apc-forestall-amrts\documentation\Resuello_Nikkie_Marie_midterms\ourspace\protected\views\mycomment\_form.php (21)
in C:\Users\student\Documents\csproj2_IT113\git_midterm_test\apc-forestall-amrts\documentation\Resuello_Nikkie_Marie_midterms\ourspace\protected\views\mycomment\create.php (18)
in C:\Users\student\Documents\csproj2_IT113\git_midterm_test\apc-forestall-amrts\documentation\Resuello_Nikkie_Marie_midterms\ourspace\protected\controllers\MycommentController.php (79)
2013/10/29 08:16:29 [error] [php] include(Departments.php): failed to open stream: No such file or directory (C:\xampp\htdocs\yii\framework\YiiBase.php:421)
Stack trace:
#0 C:\Users\student\Documents\csproj2_IT113\git_midterm_test\apc-forestall-amrts\documentation\Resuello_Nikkie_Marie_midterms\ourspace\protected\views\mycomment\_form.php(21): spl_autoload_call()
#1 C:\xampp\htdocs\yii\framework\web\CBaseController.php(126): require()
#2 C:\xampp\htdocs\yii\framework\web\CBaseController.php(95): MycommentController->renderInternal()
#3 C:\xampp\htdocs\yii\framework\web\CController.php(869): MycommentController->renderFile()
#4 C:\Users\student\Documents\csproj2_IT113\git_midterm_test\apc-forestall-amrts\documentation\Resuello_Nikkie_Marie_midterms\ourspace\protected\views\mycomment\create.php(18): MycommentController->renderPartial()
#5 C:\xampp\htdocs\yii\framework\web\CBaseController.php(126): require()
#6 C:\xampp\htdocs\yii\framework\web\CBaseController.php(95): MycommentController->renderInternal()
#7 C:\xampp\htdocs\yii\framework\web\CController.php(869): MycommentController->renderFile()
#8 C:\xampp\htdocs\yii\framework\web\CController.php(782): MycommentController->renderPartial()
#9 C:\Users\student\Documents\csproj2_IT113\git_midterm_test\apc-forestall-amrts\documentation\Resuello_Nikkie_Marie_midterms\ourspace\protected\controllers\MycommentController.php(79): MycommentController->render()
#10 C:\xampp\htdocs\yii\framework\web\actions\CInlineAction.php(49): MycommentController->actionCreate()
#11 C:\xampp\htdocs\yii\framework\web\CController.php(308): CInlineAction->runWithParams()
#12 C:\xampp\htdocs\yii\framework\web\filters\CFilterChain.php(133): MycommentController->runAction()
#13 C:\xampp\htdocs\yii\framework\web\filters\CFilter.php(40): CFilterChain->run()
#14 C:\xampp\htdocs\yii\framework\web\CController.php(1145): CAccessControlFilter->filter()
#15 C:\xampp\htdocs\yii\framework\web\filters\CInlineFilter.php(58): MycommentController->filterAccessControl()
#16 C:\xampp\htdocs\yii\framework\web\filters\CFilterChain.php(130): CInlineFilter->filter()
#17 C:\xampp\htdocs\yii\framework\web\CController.php(291): CFilterChain->run()
#18 C:\xampp\htdocs\yii\framework\web\CController.php(265): MycommentController->runActionWithFilters()
#19 C:\xampp\htdocs\yii\framework\web\CWebApplication.php(282): MycommentController->run()
#20 C:\xampp\htdocs\yii\framework\web\CWebApplication.php(141): CWebApplication->runController()
#21 C:\xampp\htdocs\yii\framework\base\CApplication.php(169): CWebApplication->processRequest()
#22 C:\Users\student\Documents\csproj2_IT113\git_midterm_test\apc-forestall-amrts\documentation\Resuello_Nikkie_Marie_midterms\ourspace\index.php(13): CWebApplication->run()
REQUEST_URI=/csproj2_resuello_nikkie_marie_midterms/ourspace/index.php/mycomment/create
in C:\Users\student\Documents\csproj2_IT113\git_midterm_test\apc-forestall-amrts\documentation\Resuello_Nikkie_Marie_midterms\ourspace\protected\views\mycomment\_form.php (21)
in C:\Users\student\Documents\csproj2_IT113\git_midterm_test\apc-forestall-amrts\documentation\Resuello_Nikkie_Marie_midterms\ourspace\protected\views\mycomment\create.php (18)
in C:\Users\student\Documents\csproj2_IT113\git_midterm_test\apc-forestall-amrts\documentation\Resuello_Nikkie_Marie_midterms\ourspace\protected\controllers\MycommentController.php (79)
2013/10/29 08:16:32 [error] [php] include(Departments.php): failed to open stream: No such file or directory (C:\xampp\htdocs\yii\framework\YiiBase.php:421)
Stack trace:
#0 C:\Users\student\Documents\csproj2_IT113\git_midterm_test\apc-forestall-amrts\documentation\Resuello_Nikkie_Marie_midterms\ourspace\protected\views\mycomment\_form.php(21): spl_autoload_call()
#1 C:\xampp\htdocs\yii\framework\web\CBaseController.php(126): require()
#2 C:\xampp\htdocs\yii\framework\web\CBaseController.php(95): MycommentController->renderInternal()
#3 C:\xampp\htdocs\yii\framework\web\CController.php(869): MycommentController->renderFile()
#4 C:\Users\student\Documents\csproj2_IT113\git_midterm_test\apc-forestall-amrts\documentation\Resuello_Nikkie_Marie_midterms\ourspace\protected\views\mycomment\create.php(18): MycommentController->renderPartial()
#5 C:\xampp\htdocs\yii\framework\web\CBaseController.php(126): require()
#6 C:\xampp\htdocs\yii\framework\web\CBaseController.php(95): MycommentController->renderInternal()
#7 C:\xampp\htdocs\yii\framework\web\CController.php(869): MycommentController->renderFile()
#8 C:\xampp\htdocs\yii\framework\web\CController.php(782): MycommentController->renderPartial()
#9 C:\Users\student\Documents\csproj2_IT113\git_midterm_test\apc-forestall-amrts\documentation\Resuello_Nikkie_Marie_midterms\ourspace\protected\controllers\MycommentController.php(79): MycommentController->render()
#10 C:\xampp\htdocs\yii\framework\web\actions\CInlineAction.php(49): MycommentController->actionCreate()
#11 C:\xampp\htdocs\yii\framework\web\CController.php(308): CInlineAction->runWithParams()
#12 C:\xampp\htdocs\yii\framework\web\filters\CFilterChain.php(133): MycommentController->runAction()
#13 C:\xampp\htdocs\yii\framework\web\filters\CFilter.php(40): CFilterChain->run()
#14 C:\xampp\htdocs\yii\framework\web\CController.php(1145): CAccessControlFilter->filter()
#15 C:\xampp\htdocs\yii\framework\web\filters\CInlineFilter.php(58): MycommentController->filterAccessControl()
#16 C:\xampp\htdocs\yii\framework\web\filters\CFilterChain.php(130): CInlineFilter->filter()
#17 C:\xampp\htdocs\yii\framework\web\CController.php(291): CFilterChain->run()
#18 C:\xampp\htdocs\yii\framework\web\CController.php(265): MycommentController->runActionWithFilters()
#19 C:\xampp\htdocs\yii\framework\web\CWebApplication.php(282): MycommentController->run()
#20 C:\xampp\htdocs\yii\framework\web\CWebApplication.php(141): CWebApplication->runController()
#21 C:\xampp\htdocs\yii\framework\base\CApplication.php(169): CWebApplication->processRequest()
#22 C:\Users\student\Documents\csproj2_IT113\git_midterm_test\apc-forestall-amrts\documentation\Resuello_Nikkie_Marie_midterms\ourspace\index.php(13): CWebApplication->run()
REQUEST_URI=/csproj2_resuello_nikkie_marie_midterms/ourspace/index.php/mycomment/create
in C:\Users\student\Documents\csproj2_IT113\git_midterm_test\apc-forestall-amrts\documentation\Resuello_Nikkie_Marie_midterms\ourspace\protected\views\mycomment\_form.php (21)
in C:\Users\student\Documents\csproj2_IT113\git_midterm_test\apc-forestall-amrts\documentation\Resuello_Nikkie_Marie_midterms\ourspace\protected\views\mycomment\create.php (18)
in C:\Users\student\Documents\csproj2_IT113\git_midterm_test\apc-forestall-amrts\documentation\Resuello_Nikkie_Marie_midterms\ourspace\protected\controllers\MycommentController.php (79)
2013/10/29 08:17:14 [error] [php] include(Departments.php): failed to open stream: No such file or directory (C:\xampp\htdocs\yii\framework\YiiBase.php:421)
Stack trace:
#0 C:\Users\student\Documents\csproj2_IT113\git_midterm_test\apc-forestall-amrts\documentation\Resuello_Nikkie_Marie_midterms\ourspace\protected\views\mycomment\_form.php(21): spl_autoload_call()
#1 C:\xampp\htdocs\yii\framework\web\CBaseController.php(126): require()
#2 C:\xampp\htdocs\yii\framework\web\CBaseController.php(95): MycommentController->renderInternal()
#3 C:\xampp\htdocs\yii\framework\web\CController.php(869): MycommentController->renderFile()
#4 C:\Users\student\Documents\csproj2_IT113\git_midterm_test\apc-forestall-amrts\documentation\Resuello_Nikkie_Marie_midterms\ourspace\protected\views\mycomment\create.php(18): MycommentController->renderPartial()
#5 C:\xampp\htdocs\yii\framework\web\CBaseController.php(126): require()
#6 C:\xampp\htdocs\yii\framework\web\CBaseController.php(95): MycommentController->renderInternal()
#7 C:\xampp\htdocs\yii\framework\web\CController.php(869): MycommentController->renderFile()
#8 C:\xampp\htdocs\yii\framework\web\CController.php(782): MycommentController->renderPartial()
#9 C:\Users\student\Documents\csproj2_IT113\git_midterm_test\apc-forestall-amrts\documentation\Resuello_Nikkie_Marie_midterms\ourspace\protected\controllers\MycommentController.php(79): MycommentController->render()
#10 C:\xampp\htdocs\yii\framework\web\actions\CInlineAction.php(49): MycommentController->actionCreate()
#11 C:\xampp\htdocs\yii\framework\web\CController.php(308): CInlineAction->runWithParams()
#12 C:\xampp\htdocs\yii\framework\web\filters\CFilterChain.php(133): MycommentController->runAction()
#13 C:\xampp\htdocs\yii\framework\web\filters\CFilter.php(40): CFilterChain->run()
#14 C:\xampp\htdocs\yii\framework\web\CController.php(1145): CAccessControlFilter->filter()
#15 C:\xampp\htdocs\yii\framework\web\filters\CInlineFilter.php(58): MycommentController->filterAccessControl()
#16 C:\xampp\htdocs\yii\framework\web\filters\CFilterChain.php(130): CInlineFilter->filter()
#17 C:\xampp\htdocs\yii\framework\web\CController.php(291): CFilterChain->run()
#18 C:\xampp\htdocs\yii\framework\web\CController.php(265): MycommentController->runActionWithFilters()
#19 C:\xampp\htdocs\yii\framework\web\CWebApplication.php(282): MycommentController->run()
#20 C:\xampp\htdocs\yii\framework\web\CWebApplication.php(141): CWebApplication->runController()
#21 C:\xampp\htdocs\yii\framework\base\CApplication.php(169): CWebApplication->processRequest()
#22 C:\Users\student\Documents\csproj2_IT113\git_midterm_test\apc-forestall-amrts\documentation\Resuello_Nikkie_Marie_midterms\ourspace\index.php(13): CWebApplication->run()
REQUEST_URI=/csproj2_resuello_nikkie_marie_midterms/ourspace/index.php/mycomment/create
in C:\Users\student\Documents\csproj2_IT113\git_midterm_test\apc-forestall-amrts\documentation\Resuello_Nikkie_Marie_midterms\ourspace\protected\views\mycomment\_form.php (21)
in C:\Users\student\Documents\csproj2_IT113\git_midterm_test\apc-forestall-amrts\documentation\Resuello_Nikkie_Marie_midterms\ourspace\protected\views\mycomment\create.php (18)
in C:\Users\student\Documents\csproj2_IT113\git_midterm_test\apc-forestall-amrts\documentation\Resuello_Nikkie_Marie_midterms\ourspace\protected\controllers\MycommentController.php (79)
