2013/10/29 07:39:37 [error] [exception.CDbException] exception 'CDbException' with message 'CDbConnection failed to open the DB connection: SQLSTATE[HY000] [1049] Unknown database 'testdrive'' in C:\xampp\htdocs\yii\framework\db\CDbConnection.php:381
Stack trace:
#0 C:\xampp\htdocs\yii\framework\db\CDbConnection.php(330): CDbConnection->open()
#1 C:\xampp\htdocs\yii\framework\db\CDbConnection.php(308): CDbConnection->setActive(true)
#2 C:\xampp\htdocs\yii\framework\base\CModule.php(387): CDbConnection->init()
#3 C:\xampp\htdocs\yii\framework\base\CModule.php(103): CModule->getComponent('db')
#4 C:\xampp\htdocs\yii\framework\gii\generators\model\ModelCode.php(57): CModule->__get('db')
#5 C:\xampp\htdocs\yii\framework\web\CFormModel.php(39): ModelCode->init()
#6 C:\xampp\htdocs\yii\framework\gii\CCodeGenerator.php(153): CFormModel->__construct()
#7 C:\xampp\htdocs\yii\framework\gii\CCodeGenerator.php(63): CCodeGenerator->prepare()
#8 C:\xampp\htdocs\yii\framework\web\actions\CInlineAction.php(49): CCodeGenerator->actionIndex()
#9 C:\xampp\htdocs\yii\framework\web\CController.php(308): CInlineAction->runWithParams(Array)
#10 C:\xampp\htdocs\yii\framework\web\CController.php(286): CController->runAction(Object(CInlineAction))
#11 C:\xampp\htdocs\yii\framework\web\CController.php(265): CController->runActionWithFilters(Object(CInlineAction), Array)
#12 C:\xampp\htdocs\yii\framework\web\CWebApplication.php(282): CController->run('')
#13 C:\xampp\htdocs\yii\framework\web\CWebApplication.php(141): CWebApplication->runController('gii/model')
#14 C:\xampp\htdocs\yii\framework\base\CApplication.php(169): CWebApplication->processRequest()
#15 C:\Users\student\Documents\csproj2_IT113_114_115_git_midterm_test\apc-forestall-amrts\documentation\Anastacio_Jenny_midterms\ourspace\index.php(13): CApplication->run()
#16 {main}
REQUEST_URI=/csproj2_Anastacio_Jenny_midterms/ourspace/index.php/gii/model
HTTP_REFERER=http://localhost/csproj2_Anastacio_Jenny_midterms/ourspace/index.php/gii/default/index
---
2013/10/29 07:39:46 [error] [exception.CDbException] exception 'CDbException' with message 'CDbConnection failed to open the DB connection: SQLSTATE[HY000] [1049] Unknown database 'testdrive'' in C:\xampp\htdocs\yii\framework\db\CDbConnection.php:381
Stack trace:
#0 C:\xampp\htdocs\yii\framework\db\CDbConnection.php(330): CDbConnection->open()
#1 C:\xampp\htdocs\yii\framework\db\CDbConnection.php(308): CDbConnection->setActive(true)
#2 C:\xampp\htdocs\yii\framework\base\CModule.php(387): CDbConnection->init()
#3 C:\xampp\htdocs\yii\framework\base\CModule.php(103): CModule->getComponent('db')
#4 C:\xampp\htdocs\yii\framework\gii\generators\model\ModelCode.php(57): CModule->__get('db')
#5 C:\xampp\htdocs\yii\framework\web\CFormModel.php(39): ModelCode->init()
#6 C:\xampp\htdocs\yii\framework\gii\CCodeGenerator.php(153): CFormModel->__construct()
#7 C:\xampp\htdocs\yii\framework\gii\CCodeGenerator.php(63): CCodeGenerator->prepare()
#8 C:\xampp\htdocs\yii\framework\web\actions\CInlineAction.php(49): CCodeGenerator->actionIndex()
#9 C:\xampp\htdocs\yii\framework\web\CController.php(308): CInlineAction->runWithParams(Array)
#10 C:\xampp\htdocs\yii\framework\web\CController.php(286): CController->runAction(Object(CInlineAction))
#11 C:\xampp\htdocs\yii\framework\web\CController.php(265): CController->runActionWithFilters(Object(CInlineAction), Array)
#12 C:\xampp\htdocs\yii\framework\web\CWebApplication.php(282): CController->run('')
#13 C:\xampp\htdocs\yii\framework\web\CWebApplication.php(141): CWebApplication->runController('gii/model')
#14 C:\xampp\htdocs\yii\framework\base\CApplication.php(169): CWebApplication->processRequest()
#15 C:\Users\student\Documents\csproj2_IT113_114_115_git_midterm_test\apc-forestall-amrts\documentation\Anastacio_Jenny_midterms\ourspace\index.php(13): CApplication->run()
#16 {main}
REQUEST_URI=/csproj2_Anastacio_Jenny_midterms/ourspace/index.php/gii/model
HTTP_REFERER=http://localhost/csproj2_Anastacio_Jenny_midterms/ourspace/index.php/gii/default/index
---
2013/10/29 07:40:26 [error] [exception.CDbException] exception 'CDbException' with message 'CDbConnection failed to open the DB connection: SQLSTATE[HY000] [1049] Unknown database 'testdrive'' in C:\xampp\htdocs\yii\framework\db\CDbConnection.php:381
Stack trace:
#0 C:\xampp\htdocs\yii\framework\db\CDbConnection.php(330): CDbConnection->open()
#1 C:\xampp\htdocs\yii\framework\db\CDbConnection.php(308): CDbConnection->setActive(true)
#2 C:\xampp\htdocs\yii\framework\base\CModule.php(387): CDbConnection->init()
#3 C:\xampp\htdocs\yii\framework\base\CModule.php(103): CModule->getComponent('db')
#4 C:\xampp\htdocs\yii\framework\gii\generators\model\ModelCode.php(57): CModule->__get('db')
#5 C:\xampp\htdocs\yii\framework\web\CFormModel.php(39): ModelCode->init()
#6 C:\xampp\htdocs\yii\framework\gii\CCodeGenerator.php(153): CFormModel->__construct()
#7 C:\xampp\htdocs\yii\framework\gii\CCodeGenerator.php(63): CCodeGenerator->prepare()
#8 C:\xampp\htdocs\yii\framework\web\actions\CInlineAction.php(49): CCodeGenerator->actionIndex()
#9 C:\xampp\htdocs\yii\framework\web\CController.php(308): CInlineAction->runWithParams(Array)
#10 C:\xampp\htdocs\yii\framework\web\CController.php(286): CController->runAction(Object(CInlineAction))
#11 C:\xampp\htdocs\yii\framework\web\CController.php(265): CController->runActionWithFilters(Object(CInlineAction), Array)
#12 C:\xampp\htdocs\yii\framework\web\CWebApplication.php(282): CController->run('')
#13 C:\xampp\htdocs\yii\framework\web\CWebApplication.php(141): CWebApplication->runController('gii/model')
#14 C:\xampp\htdocs\yii\framework\base\CApplication.php(169): CWebApplication->processRequest()
#15 C:\Users\student\Documents\csproj2_IT113_114_115_git_midterm_test\apc-forestall-amrts\documentation\Anastacio_Jenny_midterms\ourspace\index.php(13): CApplication->run()
#16 {main}
REQUEST_URI=/csproj2_Anastacio_Jenny_midterms/ourspace/index.php/gii/model
HTTP_REFERER=http://localhost/csproj2_Anastacio_Jenny_midterms/ourspace/index.php/gii/default/index
---
2013/11/05 06:50:48 [warning] [application] Failed to set unsafe attribute "home_address" of "Myaddress".
in C:\Users\student\Desktop\apc-forestall-amrts\documentation\Anastacio_Jenny_midterms\ourspace\protected\controllers\MyaddressController.php (72)
in C:\Users\student\Desktop\apc-forestall-amrts\documentation\Anastacio_Jenny_midterms\ourspace\index.php (13)
2013/11/05 06:50:48 [warning] [application] Failed to set unsafe attribute "landline" of "Myaddress".
in C:\Users\student\Desktop\apc-forestall-amrts\documentation\Anastacio_Jenny_midterms\ourspace\protected\controllers\MyaddressController.php (72)
in C:\Users\student\Desktop\apc-forestall-amrts\documentation\Anastacio_Jenny_midterms\ourspace\index.php (13)
2013/11/05 06:50:48 [warning] [application] Failed to set unsafe attribute "cellphone" of "Myaddress".
in C:\Users\student\Desktop\apc-forestall-amrts\documentation\Anastacio_Jenny_midterms\ourspace\protected\controllers\MyaddressController.php (72)
in C:\Users\student\Desktop\apc-forestall-amrts\documentation\Anastacio_Jenny_midterms\ourspace\index.php (13)
2013/11/05 07:04:53 [error] [exception.CException] exception 'CException' with message 'Property "Mycomment.Created At" is not defined.' in C:\xampp\htdocs\yii\framework\base\CComponent.php:130
Stack trace:
#0 C:\xampp\htdocs\yii\framework\db\ar\CActiveRecord.php(143): CComponent->__get('Created At')
#1 C:\xampp\htdocs\yii\framework\web\helpers\CHtml.php(2255): CActiveRecord->__get('Created At')
#2 C:\xampp\htdocs\yii\framework\web\helpers\CHtml.php(1980): CHtml::resolveValue(Object(Mycomment), 'Created At')
#3 C:\xampp\htdocs\yii\framework\web\helpers\CHtml.php(1257): CHtml::activeInputField('text', Object(Mycomment), 'Created At', Array)
#4 C:\xampp\htdocs\yii\framework\web\widgets\CActiveForm.php(657): CHtml::activeTextField(Object(Mycomment), 'Created At', Array)
#5 C:\Users\student\Desktop\apc-forestall-amrts\documentation\Anastacio_Jenny_midterms\ourspace\protected\views\mycomment\_form.php(41): CActiveForm->textField(Object(Mycomment), 'Created At')
#6 C:\xampp\htdocs\yii\framework\web\CBaseController.php(126): require('C:\Users\studen...')
#7 C:\xampp\htdocs\yii\framework\web\CBaseController.php(95): CBaseController->renderInternal('C:\Users\studen...', Array, true)
#8 C:\xampp\htdocs\yii\framework\web\CController.php(869): CBaseController->renderFile('C:\Users\studen...', Array, true)
#9 C:\Users\student\Desktop\apc-forestall-amrts\documentation\Anastacio_Jenny_midterms\ourspace\protected\views\mycomment\create.php(18): CController->renderPartial('_form', Array)
#10 C:\xampp\htdocs\yii\framework\web\CBaseController.php(126): require('C:\Users\studen...')
#11 C:\xampp\htdocs\yii\framework\web\CBaseController.php(95): CBaseController->renderInternal('C:\Users\studen...', Array, true)
#12 C:\xampp\htdocs\yii\framework\web\CController.php(869): CBaseController->renderFile('C:\Users\studen...', Array, true)
#13 C:\xampp\htdocs\yii\framework\web\CController.php(782): CController->renderPartial('create', Array, true)
#14 C:\Users\student\Desktop\apc-forestall-amrts\documentation\Anastacio_Jenny_midterms\ourspace\protected\controllers\MycommentController.php(79): CController->render('create', Array)
#15 C:\xampp\htdocs\yii\framework\web\actions\CInlineAction.php(49): MycommentController->actionCreate()
#16 C:\xampp\htdocs\yii\framework\web\CController.php(308): CInlineAction->runWithParams(Array)
#17 C:\xampp\htdocs\yii\framework\web\filters\CFilterChain.php(133): CController->runAction(Object(CInlineAction))
#18 C:\xampp\htdocs\yii\framework\web\filters\CFilter.php(40): CFilterChain->run()
#19 C:\xampp\htdocs\yii\framework\web\CController.php(1145): CFilter->filter(Object(CFilterChain))
#20 C:\xampp\htdocs\yii\framework\web\filters\CInlineFilter.php(58): CController->filterAccessControl(Object(CFilterChain))
#21 C:\xampp\htdocs\yii\framework\web\filters\CFilterChain.php(130): CInlineFilter->filter(Object(CFilterChain))
#22 C:\xampp\htdocs\yii\framework\web\CController.php(291): CFilterChain->run()
#23 C:\xampp\htdocs\yii\framework\web\CController.php(265): CController->runActionWithFilters(Object(CInlineAction), Array)
#24 C:\xampp\htdocs\yii\framework\web\CWebApplication.php(282): CController->run('create')
#25 C:\xampp\htdocs\yii\framework\web\CWebApplication.php(141): CWebApplication->runController('mycomment/creat...')
#26 C:\xampp\htdocs\yii\framework\base\CApplication.php(169): CWebApplication->processRequest()
#27 C:\Users\student\Desktop\apc-forestall-amrts\documentation\Anastacio_Jenny_midterms\ourspace\index.php(13): CApplication->run()
#28 {main}
REQUEST_URI=/Anastacio_Jenny_midterms/ourspace/index.php?r=mycomment/create
HTTP_REFERER=http://localhost/Anastacio_Jenny_midterms/ourspace/index.php?r=mycomment/view&id=1
---
